This is pdfTeX, Version 3.14159265-2.6-1.40.16 (TeX Live 2015) (preloaded format=pdflatex 2015.5.24)  28 MAR 2016 22:24
entering extended mode
 restricted \write18 enabled.
 %&-line parsing enabled.
**T2KThesis_RDas.tex
(./T2KThesis_RDas.tex
LaTeX2e <2015/01/01>
Babel <3.9l> and hyphenation patterns for 79 languages loaded.
(/usr/local/texlive/2015/texmf-dist/tex/latex/base/article.cls
Document Class: article 2014/09/29 v1.4h Standard LaTeX document class
(/usr/local/texlive/2015/texmf-dist/tex/latex/base/size12.clo
File: size12.clo 2014/09/29 v1.4h Standard LaTeX file (size option)
)
\c@part=\count79
\c@section=\count80
\c@subsection=\count81
\c@subsubsection=\count82
\c@paragraph=\count83
\c@subparagraph=\count84
\c@figure=\count85
\c@table=\count86
\abovecaptionskip=\skip41
\belowcaptionskip=\skip42
\bibindent=\dimen102
)
(/usr/local/texlive/2015/texmf-dist/tex/latex/graphics/epsfig.sty
Package: epsfig 1999/02/16 v1.7a (e)psfig emulation (SPQR)

(/usr/local/texlive/2015/texmf-dist/tex/latex/graphics/graphicx.sty
Package: graphicx 2014/10/28 v1.0g Enhanced LaTeX Graphics (DPC,SPQR)

(/usr/local/texlive/2015/texmf-dist/tex/latex/graphics/keyval.sty
Package: keyval 2014/10/28 v1.15 key=value parser (DPC)
\KV@toks@=\toks14
)
(/usr/local/texlive/2015/texmf-dist/tex/latex/graphics/graphics.sty
Package: graphics 2014/10/28 v1.0p Standard LaTeX Graphics (DPC,SPQR)

(/usr/local/texlive/2015/texmf-dist/tex/latex/graphics/trig.sty
Package: trig 1999/03/16 v1.09 sin cos tan (DPC)
)
(/usr/local/texlive/2015/texmf-dist/tex/latex/latexconfig/graphics.cfg
File: graphics.cfg 2010/04/23 v1.9 graphics configuration of TeX Live
)
Package graphics Info: Driver file: pdftex.def on input line 94.

(/usr/local/texlive/2015/texmf-dist/tex/latex/pdftex-def/pdftex.def
File: pdftex.def 2011/05/27 v0.06d Graphics/color for pdfTeX

(/usr/local/texlive/2015/texmf-dist/tex/generic/oberdiek/infwarerr.sty
Package: infwarerr 2010/04/08 v1.3 Providing info/warning/error messages (HO)
)
(/usr/local/texlive/2015/texmf-dist/tex/generic/oberdiek/ltxcmds.sty
Package: ltxcmds 2011/11/09 v1.22 LaTeX kernel commands for general use (HO)
)
\Gread@gobject=\count87
))
\Gin@req@height=\dimen103
\Gin@req@width=\dimen104
)
\epsfxsize=\dimen105
\epsfysize=\dimen106
)
(/usr/local/texlive/2015/texmf-dist/tex/latex/amsmath/amsmath.sty
Package: amsmath 2013/01/14 v2.14 AMS math features
\@mathmargin=\skip43

For additional information on amsmath, use the `?' option.
(/usr/local/texlive/2015/texmf-dist/tex/latex/amsmath/amstext.sty
Package: amstext 2000/06/29 v2.01

(/usr/local/texlive/2015/texmf-dist/tex/latex/amsmath/amsgen.sty
File: amsgen.sty 1999/11/30 v2.0
\@emptytoks=\toks15
\ex@=\dimen107
))
(/usr/local/texlive/2015/texmf-dist/tex/latex/amsmath/amsbsy.sty
Package: amsbsy 1999/11/29 v1.2d
\pmbraise@=\dimen108
)
(/usr/local/texlive/2015/texmf-dist/tex/latex/amsmath/amsopn.sty
Package: amsopn 1999/12/14 v2.01 operator names
)
\inf@bad=\count88
LaTeX Info: Redefining \frac on input line 210.
\uproot@=\count89
\leftroot@=\count90
LaTeX Info: Redefining \overline on input line 306.
\classnum@=\count91
\DOTSCASE@=\count92
LaTeX Info: Redefining \ldots on input line 378.
LaTeX Info: Redefining \dots on input line 381.
LaTeX Info: Redefining \cdots on input line 466.
\Mathstrutbox@=\box26
\strutbox@=\box27
\big@size=\dimen109
LaTeX Font Info:    Redeclaring font encoding OML on input line 566.
LaTeX Font Info:    Redeclaring font encoding OMS on input line 567.
\macc@depth=\count93
\c@MaxMatrixCols=\count94
\dotsspace@=\muskip10
\c@parentequation=\count95
\dspbrk@lvl=\count96
\tag@help=\toks16
\row@=\count97
\column@=\count98
\maxfields@=\count99
\andhelp@=\toks17
\eqnshift@=\dimen110
\alignsep@=\dimen111
\tagshift@=\dimen112
\tagwidth@=\dimen113
\totwidth@=\dimen114
\lineht@=\dimen115
\@envbody=\toks18
\multlinegap=\skip44
\multlinetaggap=\skip45
\mathdisplay@stack=\toks19
LaTeX Info: Redefining \[ on input line 2665.
LaTeX Info: Redefining \] on input line 2666.
)
(/usr/local/texlive/2015/texmf-dist/tex/latex/preprint/authblk.sty
Package: authblk 2001/02/27 1.3 (PWD)
\affilsep=\skip46
\@affilsep=\skip47
\c@Maxaffil=\count100
\c@authors=\count101
\c@affil=\count102
)
(/usr/local/texlive/2015/texmf-dist/tex/latex/setspace/setspace.sty
Package: setspace 2011/12/19 v6.7a set line spacing
)
(/usr/local/texlive/2015/texmf-dist/tex/latex/lineno/lineno.sty
Package: lineno 2005/11/02 line numbers on paragraphs v4.41
\linenopenalty=\count103
\output=\toks20
\linenoprevgraf=\count104
\linenumbersep=\dimen116
\linenumberwidth=\dimen117
\c@linenumber=\count105
\c@pagewiselinenumber=\count106
\c@LN@truepage=\count107
\c@internallinenumber=\count108
\c@internallinenumbers=\count109
\quotelinenumbersep=\dimen118
\bframerule=\dimen119
\bframesep=\dimen120
\bframebox=\box28
LaTeX Info: Redefining \\ on input line 3056.
)
(/usr/local/texlive/2015/texmf-dist/tex/latex/geometry/geometry.sty
Package: geometry 2010/09/12 v5.6 Page Geometry

(/usr/local/texlive/2015/texmf-dist/tex/generic/oberdiek/ifpdf.sty
Package: ifpdf 2011/01/30 v2.3 Provides the ifpdf switch (HO)
Package ifpdf Info: pdfTeX in PDF mode is detected.
)
(/usr/local/texlive/2015/texmf-dist/tex/generic/oberdiek/ifvtex.sty
Package: ifvtex 2010/03/01 v1.5 Detect VTeX and its facilities (HO)
Package ifvtex Info: VTeX not detected.
)
(/usr/local/texlive/2015/texmf-dist/tex/generic/ifxetex/ifxetex.sty
Package: ifxetex 2010/09/12 v0.6 Provides ifxetex conditional
)
\Gm@cnth=\count110
\Gm@cntv=\count111
\c@Gm@tempcnt=\count112
\Gm@bindingoffset=\dimen121
\Gm@wd@mp=\dimen122
\Gm@odd@mp=\dimen123
\Gm@even@mp=\dimen124
\Gm@layoutwidth=\dimen125
\Gm@layoutheight=\dimen126
\Gm@layouthoffset=\dimen127
\Gm@layoutvoffset=\dimen128
\Gm@dimlist=\toks21
)
(/usr/local/texlive/2015/texmf-dist/tex/latex/float/float.sty
Package: float 2001/11/08 v1.3d Float enhancements (AL)
\c@float@type=\count113
\float@exts=\toks22
\float@box=\box29
\@float@everytoks=\toks23
\@floatcapt=\box30
)
(/usr/local/texlive/2015/texmf-dist/tex/latex/was/gensymb.sty
Package: gensymb 2003/07/02 v1.0 (WaS)
)
(/usr/local/texlive/2015/texmf-dist/tex/latex/graphics/lscape.sty
Package: lscape 2000/10/22 v3.01 Landscape Pages (DPC)
)
(/usr/local/texlive/2015/texmf-dist/tex/latex/braket/braket.sty)
(/usr/local/texlive/2015/texmf-dist/tex/latex/url/url.sty
\Urlmuskip=\muskip11
Package: url 2013/09/16  ver 3.4  Verb mode for urls, etc.
)
(/usr/local/texlive/2015/texmf-dist/tex/latex/tools/afterpage.sty
Package: afterpage 2014/10/28 v1.08 After-Page Package (DPC)
\AP@output=\toks24
\AP@partial=\box31
\AP@footins=\box32
)
(/usr/local/texlive/2015/texmf-dist/tex/latex/fancyhdr/fancyhdr.sty
\fancy@headwidth=\skip48
\f@ncyO@elh=\skip49
\f@ncyO@erh=\skip50
\f@ncyO@olh=\skip51
\f@ncyO@orh=\skip52
\f@ncyO@elf=\skip53
\f@ncyO@erf=\skip54
\f@ncyO@olf=\skip55
\f@ncyO@orf=\skip56
)
(/usr/local/texlive/2015/texmf-dist/tex/latex/nowidow/nowidow.sty
Package: nowidow 2011/09/20 1.0 Easily prevent widows and orphans
Package: nowidow 

(/usr/local/texlive/2015/texmf-dist/tex/latex/oberdiek/kvoptions.sty
Package: kvoptions 2011/06/30 v3.11 Key value format for package options (HO)

(/usr/local/texlive/2015/texmf-dist/tex/generic/oberdiek/kvsetkeys.sty
Package: kvsetkeys 2012/04/25 v1.16 Key value parser (HO)

(/usr/local/texlive/2015/texmf-dist/tex/generic/oberdiek/etexcmds.sty
Package: etexcmds 2011/02/16 v1.5 Avoid name clashes with e-TeX commands (HO)

(/usr/local/texlive/2015/texmf-dist/tex/generic/oberdiek/ifluatex.sty
Package: ifluatex 2010/03/01 v1.3 Provides the ifluatex switch (HO)
Package ifluatex Info: LuaTeX not detected.
)
Package etexcmds Info: Could not find \expanded.
(etexcmds)             That can mean that you are not using pdfTeX 1.50 or
(etexcmds)             that some package has redefined \expanded.
(etexcmds)             In the latter case, load this package earlier.
))))
(/usr/local/texlive/2015/texmf-dist/tex/latex/textpos/textpos.sty
Package: textpos 2014/01/03 v1.7j

Package: textpos 2014/01/03 1.7j, absolute positioning of text on the page
(/usr/local/texlive/2015/texmf-dist/tex/latex/ms/everyshi.sty
Package: everyshi 2001/05/15 v3.00 EveryShipout Package (MS)
)
\TP@textbox=\box33
\TP@holdbox=\box34
\TPHorizModule=\dimen129
\TPVertModule=\dimen130
\TP@margin=\dimen131
\TP@absmargin=\dimen132

Grid set 16 x 16 = 38.39343pt x 49.68562pt
\TPboxrulesize=\dimen133
\TP@ox=\dimen134
\TP@oy=\dimen135
\TP@tbargs=\toks25
\TP@prevdepth=\dimen136
TextBlockOrigin set to 0pt x 0pt
) (/usr/local/texlive/2015/texmf-dist/tex/latex/tocloft/tocloft.sty
Package: tocloft 2013/05/02 v2.3f parameterised ToC, etc., typesetting
Package tocloft Info: The document has section divisions on input line 44.
\cftparskip=\skip57
\cftbeforetoctitleskip=\skip58
\cftaftertoctitleskip=\skip59
\cftbeforepartskip=\skip60
\cftpartnumwidth=\skip61
\cftpartindent=\skip62
\cftbeforesecskip=\skip63
\cftsecindent=\skip64
\cftsecnumwidth=\skip65
\cftbeforesubsecskip=\skip66
\cftsubsecindent=\skip67
\cftsubsecnumwidth=\skip68
\cftbeforesubsubsecskip=\skip69
\cftsubsubsecindent=\skip70
\cftsubsubsecnumwidth=\skip71
\cftbeforeparaskip=\skip72
\cftparaindent=\skip73
\cftparanumwidth=\skip74
\cftbeforesubparaskip=\skip75
\cftsubparaindent=\skip76
\cftsubparanumwidth=\skip77
\cftbeforeloftitleskip=\skip78
\cftafterloftitleskip=\skip79
\cftbeforefigskip=\skip80
\cftfigindent=\skip81
\cftfignumwidth=\skip82
\c@lofdepth=\count114
\c@lotdepth=\count115
\cftbeforelottitleskip=\skip83
\cftafterlottitleskip=\skip84
\cftbeforetabskip=\skip85
\cfttabindent=\skip86
\cfttabnumwidth=\skip87
)
(/usr/local/texlive/2015/texmf-dist/tex/latex/psnfss/times.sty
Package: times 2005/04/12 PSNFSS-v9.2a (SPQR) 
)
(/usr/local/texlive/2015/texmf-dist/tex/latex/multirow/multirow.sty
\bigstrutjot=\dimen137
)
(/usr/local/texlive/2015/texmf-dist/tex/latex/titlesec/titlesec.sty
Package: titlesec 2011/12/15 v2.10.0 Sectioning titles
\ttl@box=\box35
\beforetitleunit=\skip88
\aftertitleunit=\skip89
\ttl@plus=\dimen138
\ttl@minus=\dimen139
\ttl@toksa=\toks26
\titlewidth=\dimen140
\titlewidthlast=\dimen141
\titlewidthfirst=\dimen142
)
(/usr/local/texlive/2015/texmf-dist/tex/latex/cancel/cancel.sty
Package: cancel 2013/04/12 v2.2 Cancel math terms
)
(/usr/local/texlive/2015/texmf-dist/tex/latex/booktabs/booktabs.sty
Package: booktabs 2005/04/14 v1.61803 publication quality tables
\heavyrulewidth=\dimen143
\lightrulewidth=\dimen144
\cmidrulewidth=\dimen145
\belowrulesep=\dimen146
\belowbottomsep=\dimen147
\aboverulesep=\dimen148
\abovetopsep=\dimen149
\cmidrulesep=\dimen150
\cmidrulekern=\dimen151
\defaultaddspace=\dimen152
\@cmidla=\count116
\@cmidlb=\count117
\@aboverulesep=\dimen153
\@belowrulesep=\dimen154
\@thisruleclass=\count118
\@lastruleclass=\count119
\@thisrulewidth=\dimen155
)
(/usr/local/texlive/2015/texmf-dist/tex/latex/titlesec/block.tss
File: block.tss 2011/12/15
)
(./T2KThesis_RDas.aux)
\openout1 = `T2KThesis_RDas.aux'.

LaTeX Font Info:    Checking defaults for OML/cmm/m/it on input line 69.
LaTeX Font Info:    ... okay on input line 69.
LaTeX Font Info:    Checking defaults for T1/cmr/m/n on input line 69.
LaTeX Font Info:    ... okay on input line 69.
LaTeX Font Info:    Checking defaults for OT1/cmr/m/n on input line 69.
LaTeX Font Info:    ... okay on input line 69.
LaTeX Font Info:    Checking defaults for OMS/cmsy/m/n on input line 69.
LaTeX Font Info:    ... okay on input line 69.
LaTeX Font Info:    Checking defaults for OMX/cmex/m/n on input line 69.
LaTeX Font Info:    ... okay on input line 69.
LaTeX Font Info:    Checking defaults for U/cmr/m/n on input line 69.
LaTeX Font Info:    ... okay on input line 69.
LaTeX Font Info:    Try loading font information for OT1+ptm on input line 69.

(/usr/local/texlive/2015/texmf-dist/tex/latex/psnfss/ot1ptm.fd
File: ot1ptm.fd 2001/06/04 font definitions for OT1/ptm.
)
(/usr/local/texlive/2015/texmf-dist/tex/context/base/supp-pdf.mkii
[Loading MPS to PDF converter (version 2006.09.02).]
\scratchcounter=\count120
\scratchdimen=\dimen156
\scratchbox=\box36
\nofMPsegments=\count121
\nofMParguments=\count122
\everyMPshowfont=\toks27
\MPscratchCnt=\count123
\MPscratchDim=\dimen157
\MPnumerator=\count124
\makeMPintoPDFobject=\count125
\everyMPtoPDFconversion=\toks28
) (/usr/local/texlive/2015/texmf-dist/tex/generic/oberdiek/pdftexcmds.sty
Package: pdftexcmds 2011/11/29 v0.20 Utility functions of pdfTeX for LuaTeX (HO
)
Package pdftexcmds Info: LuaTeX not detected.
Package pdftexcmds Info: \pdf@primitive is available.
Package pdftexcmds Info: \pdf@ifprimitive is available.
Package pdftexcmds Info: \pdfdraftmode found.
)
(/usr/local/texlive/2015/texmf-dist/tex/latex/oberdiek/epstopdf-base.sty
Package: epstopdf-base 2010/02/09 v2.5 Base part for package epstopdf

(/usr/local/texlive/2015/texmf-dist/tex/latex/oberdiek/grfext.sty
Package: grfext 2010/08/19 v1.1 Manage graphics extensions (HO)

(/usr/local/texlive/2015/texmf-dist/tex/generic/oberdiek/kvdefinekeys.sty
Package: kvdefinekeys 2011/04/07 v1.3 Define keys (HO)
))
Package grfext Info: Graphics extension search list:
(grfext)             [.png,.pdf,.jpg,.mps,.jpeg,.jbig2,.jb2,.PNG,.PDF,.JPG,.JPE
G,.JBIG2,.JB2,.eps]
(grfext)             \AppendGraphicsExtensions on input line 452.

(/usr/local/texlive/2015/texmf-dist/tex/latex/latexconfig/epstopdf-sys.cfg
File: epstopdf-sys.cfg 2010/07/13 v1.3 Configuration of (r)epstopdf for TeX Liv
e
))
*geometry* driver: auto-detecting
*geometry* detected driver: pdftex
*geometry* verbose mode - [ preamble ] result:
* driver: pdftex
* paper: <default>
* layout: <same size as paper>
* layoutoffset:(h,v)=(0.0pt,0.0pt)
* modes: 
* h-part:(L,W,R)=(72.26999pt, 469.75502pt, 72.26999pt)
* v-part:(T,H,B)=(72.26999pt, 650.43001pt, 72.26999pt)
* \paperwidth=614.295pt
* \paperheight=794.96999pt
* \textwidth=469.75502pt
* \textheight=650.43001pt
* \oddsidemargin=0.0pt
* \evensidemargin=0.0pt
* \topmargin=-37.0pt
* \headheight=12.0pt
* \headsep=25.0pt
* \topskip=12.0pt
* \footskip=30.0pt
* \marginparwidth=44.0pt
* \marginparsep=10.0pt
* \columnsep=10.0pt
* \skip\footins=10.8pt plus 4.0pt minus 2.0pt
* \hoffset=0.0pt
* \voffset=0.0pt
* \mag=1000
* \@twocolumnfalse
* \@twosidefalse
* \@mparswitchfalse
* \@reversemarginfalse
* (1in=72.27pt=25.4mm, 1cm=28.453pt)

LaTeX Info: Redefining \celsius on input line 69.
Package gensymb Info: Faking symbols for \degree and \celsius on input line 69.


Package gensymb Warning: Not defining \perthousand.

LaTeX Info: Redefining \ohm on input line 69.
Package gensymb Info: Using \Omega for \ohm on input line 69.

Package gensymb Warning: Not defining \micro.

ABD: EveryShipout initializing macros
(/Users/rdas/Thesis/Sections/preliminaries.tex
Underfull \hbox (badness 10000) in paragraph at lines 44--45

 []


Underfull \hbox (badness 10000) in paragraph at lines 46--48

 []


Underfull \hbox (badness 10000) in paragraph at lines 49--52

 []

[1

{/usr/local/texlive/2015/texmf-var/fonts/map/pdftex/updmap/pdftex.map}]
[2] [2] [3]) (./T2KThesis_RDas.toc [4] [5])
\tf@toc=\write3
\openout3 = `T2KThesis_RDas.toc'.

 [6]
(/Users/rdas/Thesis/Sections/Introduction.tex
LaTeX Font Info:    Font shape `OT1/ptm/bx/n' in size <17.28> not available
(Font)              Font shape `OT1/ptm/b/n' tried instead on input line 1.
 [1

] [2]) [3]
(/Users/rdas/Thesis/Sections/Theory.tex
LaTeX Font Info:    Font shape `OT1/ptm/bx/n' in size <14.4> not available
(Font)              Font shape `OT1/ptm/b/n' tried instead on input line 6.
 [4

] [5] [6] [7] [8]
<Figures/neutrino-xsec.png, id=62, 788.9475pt x 563.10374pt>
File: Figures/neutrino-xsec.png Graphic file (type png)

<use Figures/neutrino-xsec.png>
Package pdftex.def Info: Figures/neutrino-xsec.png used on input line 104.
(pdftex.def)             Requested size: 433.62pt x 309.49321pt.
 [9] [10 <./Figures/neutrino-xsec.png (PNG copy)>]
LaTeX Font Info:    Font shape `OT1/ptm/bx/n' in size <12> not available
(Font)              Font shape `OT1/ptm/b/n' tried instead on input line 111.
 [11] <Figures/ccqefeynman.png, id=72, 267.24844pt x 241.65282pt>
File: Figures/ccqefeynman.png Graphic file (type png)

<use Figures/ccqefeynman.png>
Package pdftex.def Info: Figures/ccqefeynman.png used on input line 151.
(pdftex.def)             Requested size: 216.81pt x 196.05481pt.
 [12] [13 <./Figures/ccqefeynman.png>] [14]
[15] [16] <Figures/1pi.png, id=91, 355.3275pt x 384.6872pt>
File: Figures/1pi.png Graphic file (type png)

<use Figures/1pi.png>
Package pdftex.def Info: Figures/1pi.png used on input line 229.
(pdftex.def)             Requested size: 216.81pt x 234.72928pt.
 [17] [18 <./Figures/1pi.png>] [19] [20] [21] [22]
[23] [24]) [25] (./Sections/DetectorDescription.tex
<./Figures/t2k-schematic.jpg, id=122, 602.25pt x 150.5625pt>
File: ./Figures/t2k-schematic.jpg Graphic file (type jpg)

<use ./Figures/t2k-schematic.jpg>
Package pdftex.def Info: ./Figures/t2k-schematic.jpg used on input line 13.
(pdftex.def)             Requested size: 422.77664pt x 105.69856pt.


LaTeX Warning: `h' float specifier changed to `ht'.

[26

] <./Figures/OAbeamflux.png, id=126, 335.00156pt x 366.61969pt>
File: ./Figures/OAbeamflux.png Graphic file (type png)

<use ./Figures/OAbeamflux.png>
Package pdftex.def Info: ./Figures/OAbeamflux.png used on input line 23.
(pdftex.def)             Requested size: 328.82707pt x 359.86104pt.
 [27 <./Figures/t2k-schematic.jpg>] [28 <./Figures/OAbeamflux.png>] <./Figures/
beam1.png, id=135, 539.01375pt x 398.99063pt>
File: ./Figures/beam1.png Graphic file (type png)

<use ./Figures/beam1.png>
Package pdftex.def Info: ./Figures/beam1.png used on input line 46.
(pdftex.def)             Requested size: 433.62pt x 320.98283pt.
 [29 <./Figures/beam1.png>]
<./Figures/beam2.png, id=140, 581.17125pt x 356.83313pt>
File: ./Figures/beam2.png Graphic file (type png)

<use ./Figures/beam2.png>
Package pdftex.def Info: ./Figures/beam2.png used on input line 80.
(pdftex.def)             Requested size: 216.81pt x 133.12059pt.

<./Figures/beam3.png, id=141, 567.62062pt x 404.26031pt>
File: ./Figures/beam3.png Graphic file (type png)

<use ./Figures/beam3.png>
Package pdftex.def Info: ./Figures/beam3.png used on input line 81.
(pdftex.def)             Requested size: 216.81pt x 154.41008pt.
 [30] [31 <./Figures/beam2.png> <./Figures/beam3.png>] <./Figures/superk.png, i
d=151, 569.12625pt x 380.92313pt>
File: ./Figures/superk.png Graphic file (type png)

<use ./Figures/superk.png>
Package pdftex.def Info: ./Figures/superk.png used on input line 132.
(pdftex.def)             Requested size: 433.62pt x 290.24275pt.
 [32] [33 <./Figures/superk.png>]
<./Figures/pit.png, id=159, 354.57469pt x 441.14813pt>
File: ./Figures/pit.png Graphic file (type png)
 <use ./Figures/pit.png>
Package pdftex.def Info: ./Figures/pit.png used on input line 163.
(pdftex.def)             Requested size: 433.62pt x 539.50581pt.

<./Figures/nd280.png, id=160, 423.08063pt x 365.86688pt>
File: ./Figures/nd280.png Graphic file (type png)

<use ./Figures/nd280.png>
Package pdftex.def Info: ./Figures/nd280.png used on input line 174.
(pdftex.def)             Requested size: 433.62pt x 374.99364pt.
 [34] [35 <./Figures/pit.png>] [36 <./Figures/nd280.png>] <./Figures/p0d1.png, 
id=173, 347.04657pt x 406.51875pt>
File: ./Figures/p0d1.png Graphic file (type png)

<use ./Figures/p0d1.png>
Package pdftex.def Info: ./Figures/p0d1.png used on input line 213.
(pdftex.def)             Requested size: 328.82707pt x 385.19193pt.

<./Figures/waterp0dule.png, id=174, 538.26094pt x 362.85562pt>
File: ./Figures/waterp0dule.png Graphic file (type png)

<use ./Figures/waterp0dule.png>
Package pdftex.def Info: ./Figures/waterp0dule.png used on input line 232.
(pdftex.def)             Requested size: 433.62pt x 292.31686pt.

<./Figures/waterheight.png, id=175, 430.60875pt x 295.1025pt>
File: ./Figures/waterheight.png Graphic file (type png)

<use ./Figures/waterheight.png>
Package pdftex.def Info: ./Figures/waterheight.png used on input line 240.
(pdftex.def)             Requested size: 328.82707pt x 225.3564pt.
 [37] [38 <./Figures/p0d1.png>] [39 <./Figures/waterp0dule.png> <./Figures/wate
rheight.png>]
<./Figures/mppc2.png, id=188, 330.48468pt x 408.02437pt>
File: ./Figures/mppc2.png Graphic file (type png)

<use ./Figures/mppc2.png>
Package pdftex.def Info: ./Figures/mppc2.png used on input line 286.
(pdftex.def)             Requested size: 361.34999pt x 446.15105pt.

<./Figures/mppc1.png, id=189, 533.74406pt x 201.75375pt>
File: ./Figures/mppc1.png Graphic file (type png)

<use ./Figures/mppc1.png>
Package pdftex.def Info: ./Figures/mppc1.png used on input line 297.
(pdftex.def)             Requested size: 361.34999pt x 136.59349pt.

<./Figures/pedestal.png, id=190, 412.54124pt x 269.50688pt>
File: ./Figures/pedestal.png Graphic file (type png)

<use ./Figures/pedestal.png>
Package pdftex.def Info: ./Figures/pedestal.png used on input line 314.
(pdftex.def)             Requested size: 433.62pt x 283.28253pt.
 [40] [41 <./Figures/mppc2.png>] [42 <./Figures/mppc1.png> <./Figures/pedestal.
png>] [43]
<./Figures/tpc1.png, id=208, 450.9347pt x 383.18156pt>
File: ./Figures/tpc1.png Graphic file (type png)

<use ./Figures/tpc1.png>
Package pdftex.def Info: ./Figures/tpc1.png used on input line 362.
(pdftex.def)             Requested size: 260.17244pt x 221.09361pt.

<./Figures/tpc2.png, id=209, 295.85532pt x 391.4625pt>
File: ./Figures/tpc2.png Graphic file (type png)

<use ./Figures/tpc2.png>
Package pdftex.def Info: ./Figures/tpc2.png used on input line 363.
(pdftex.def)             Requested size: 173.44756pt x 229.5034pt.
 [44 <./Figures/tpc1.png> <./Figures/tpc2.png>]
[45] <./Figures/magneticfield.png, id=218, 538.26094pt x 361.35pt>
File: ./Figures/magneticfield.png Graphic file (type png)

<use ./Figures/magneticfield.png>
Package pdftex.def Info: ./Figures/magneticfield.png used on input line 421.
(pdftex.def)             Requested size: 433.62pt x 291.10394pt.

<./Figures/magneticfield2.png, id=219, 553.31718pt x 317.68687pt>
File: ./Figures/magneticfield2.png Graphic file (type png)

<use ./Figures/magneticfield2.png>
Package pdftex.def Info: ./Figures/magneticfield2.png used on input line 430.
(pdftex.def)             Requested size: 433.62pt x 248.963pt.

<./Figures/smrd1.png, id=220, 226.59656pt x 324.46219pt>
File: ./Figures/smrd1.png Graphic file (type png)

<use ./Figures/smrd1.png>
Package pdftex.def Info: ./Figures/smrd1.png used on input line 448.
(pdftex.def)             Requested size: 289.07999pt x 413.93382pt.
 [46 <./Figures/magneticfield.png>] [47 <./Figures/magneticfield2.png>] [48 <./
Figures/smrd1.png>]
<./Figures/ingrid1.png, id=234, 422.32782pt x 429.85594pt>
File: ./Figures/ingrid1.png Graphic file (type png)

<use ./Figures/ingrid1.png>
Package pdftex.def Info: ./Figures/ingrid1.png used on input line 504.
(pdftex.def)             Requested size: 433.62pt x 441.35948pt.

<./Figures/ingrid2.png, id=235, 570.63188pt x 301.125pt>
File: ./Figures/ingrid2.png Graphic file (type png)

<use ./Figures/ingrid2.png>
Package pdftex.def Info: ./Figures/ingrid2.png used on input line 513.
(pdftex.def)             Requested size: 433.62pt x 228.8252pt.
) [49] [50 <./Figures/ingrid1.png>] [51 <./Figures/ingrid2.png>] (/Users/rdas/T
hesis/Sections/FluxDetermination.tex [52

]
<Figures/flux/fluxparent.PNG, id=250, 707.64375pt x 477.785pt>
File: Figures/flux/fluxparent.PNG Graphic file (type png)

<use Figures/flux/fluxparent.PNG>
Package pdftex.def Info: Figures/flux/fluxparent.PNG used on input line 13.
(pdftex.def)             Requested size: 433.62pt x 292.77527pt.


LaTeX Warning: `h' float specifier changed to `ht'.

[53] [54 <./Figures/flux/fluxparent.PNG>]
<Figures/flux/tuningresult.PNG, id=259, 592.46344pt x 462.97969pt>
File: Figures/flux/tuningresult.PNG Graphic file (type png)

<use Figures/flux/tuningresult.PNG>
Package pdftex.def Info: Figures/flux/tuningresult.PNG used on input line 24.
(pdftex.def)             Requested size: 469.75499pt x 367.09926pt.
 [55 <./Figures/flux/tuningresult.PNG>]
LaTeX Font Info:    Try loading font information for OMS+ptm on input line 32.

(/usr/local/texlive/2015/texmf-dist/tex/latex/psnfss/omsptm.fd
File: omsptm.fd 
)
LaTeX Font Info:    Font shape `OMS/ptm/m/n' in size <12> not available
(Font)              Font shape `OMS/cmsy/m/n' tried instead on input line 32.
 [56]
<Figures/flux/fracuncertainty.PNG, id=267, 631.60968pt x 439.6425pt>
File: Figures/flux/fracuncertainty.PNG Graphic file (type png)

<use Figures/flux/fracuncertainty.PNG>
Package pdftex.def Info: Figures/flux/fracuncertainty.PNG used on input line 57
.
(pdftex.def)             Requested size: 469.75499pt x 326.98732pt.

<Figures/flux_cov_init.png, id=268, 698.61pt x 475.7775pt>
File: Figures/flux_cov_init.png Graphic file (type png)

<use Figures/flux_cov_init.png>
Package pdftex.def Info: Figures/flux_cov_init.png used on input line 64.
(pdftex.def)             Requested size: 433.62pt x 295.31294pt.
 [57] [58 <./Figures/flux/fracuncertainty.PNG>]
[59 <./Figures/flux_cov_init.png>]) [60]
(/Users/rdas/Thesis/Sections/EventSimulation.tex
Overfull \hbox (0.75734pt too wide) in paragraph at lines 6--7
[]\OT1/ptm/m/n/12 The task of prop-a-gat-ing par-ti-cles through the de-tec-tor
 ma-te-ri-als is ac-com-plished with GEANT4,
 []

[61

] <Figures/ccqefit.PNG, id=286, 955.31906pt x 383.93437pt>
File: Figures/ccqefit.PNG Graphic file (type png)

<use Figures/ccqefit.PNG>
Package pdftex.def Info: Figures/ccqefit.PNG used on input line 18.
(pdftex.def)             Requested size: 433.62pt x 174.2686pt.
 [62] [63 <./Figures/ccqefit.PNG>]
<Figures/1pifit1.PNG, id=294, 327.47343pt x 325.96782pt>
File: Figures/1pifit1.PNG Graphic file (type png)

<use Figures/1pifit1.PNG>
Package pdftex.def Info: Figures/1pifit1.PNG used on input line 39.
(pdftex.def)             Requested size: 144.54pt x 143.87392pt.

<Figures/1pifit2.PNG, id=295, 336.50719pt x 325.96782pt>
File: Figures/1pifit2.PNG Graphic file (type png)

<use Figures/1pifit2.PNG>
Package pdftex.def Info: Figures/1pifit2.PNG used on input line 40.
(pdftex.def)             Requested size: 144.54pt x 140.0142pt.

<Figures/1pifit3.PNG, id=296, 331.2375pt x 325.96782pt>
File: Figures/1pifit3.PNG Graphic file (type png)

<use Figures/1pifit3.PNG>
Package pdftex.def Info: Figures/1pifit3.PNG used on input line 41.
(pdftex.def)             Requested size: 144.54pt x 142.23752pt.
 [64]
<Figures/1pienushp1.PNG, id=300, 374.90062pt x 362.10281pt>
File: Figures/1pienushp1.PNG Graphic file (type png)

<use Figures/1pienushp1.PNG>
Package pdftex.def Info: Figures/1pienushp1.PNG used on input line 55.
(pdftex.def)             Requested size: 216.81pt x 209.41199pt.

<Figures/1pienushp2.PNG, id=301, 368.87813pt x 256.70906pt>
File: Figures/1pienushp2.PNG Graphic file (type png)

<use Figures/1pienushp2.PNG>
Package pdftex.def Info: Figures/1pienushp2.PNG used on input line 56.
(pdftex.def)             Requested size: 216.81pt x 150.88121pt.

<Figures/xseccorr.png, id=302, 535.2497pt x 359.84438pt>
File: Figures/xseccorr.png Graphic file (type png)

<use Figures/xseccorr.png>
Package pdftex.def Info: Figures/xseccorr.png used on input line 63.
(pdftex.def)             Requested size: 433.62pt x 291.53275pt.
 [65 <./Figures/1pifit1.PNG> <./Figures/1pifit2.PNG> <./Figures/1pifit3.PNG>] [
66 <./Figures/1pienushp1.PNG> <./Figures/1pienushp2.PNG> <./Figures/xseccorr.pn
g>] [67] [68]
<Figures/disminos.PNG, id=321, 666.99188pt x 414.04688pt>
File: Figures/disminos.PNG Graphic file (type png)

<use Figures/disminos.PNG>
Package pdftex.def Info: Figures/disminos.PNG used on input line 103.
(pdftex.def)             Requested size: 433.62pt x 269.18413pt.
 [69] [70 <./Figures/disminos.PNG>]
<Figures/fsifit.PNG, id=329, 496.85625pt x 483.30562pt>
File: Figures/fsifit.PNG Graphic file (type png)

<use Figures/fsifit.PNG>
Package pdftex.def Info: Figures/fsifit.PNG used on input line 121.
(pdftex.def)             Requested size: 433.62pt x 421.79993pt.
) [71] [72 <./Figures/fsifit.PNG>]
(/Users/rdas/Thesis/Sections/Reconstruction.tex [73

]
<Figures/Reconstruction/nd280geom.PNG, id=341, 450.18187pt x 264.99pt>
File: Figures/Reconstruction/nd280geom.PNG Graphic file (type png)

<use Figures/Reconstruction/nd280geom.PNG>
Package pdftex.def Info: Figures/Reconstruction/nd280geom.PNG used on input lin
e 19.
(pdftex.def)             Requested size: 469.75499pt x 276.5252pt.
 [74] [75 <./Figures/Reconstruction/nd280geom.PNG>]
<Figures/Reconstruction/tpcrecoflow.PNG, id=349, 334.24875pt x 466.74374pt>
File: Figures/Reconstruction/tpcrecoflow.PNG Graphic file (type png)

<use Figures/Reconstruction/tpcrecoflow.PNG>
Package pdftex.def Info: Figures/Reconstruction/tpcrecoflow.PNG used on input l
ine 33.
(pdftex.def)             Requested size: 397.48499pt x 555.09009pt.
 [76] [77 <./Figures/Reconstruction/tpcrecoflow.PNG>] [78] [79] [80]
<Figures/Reconstruction/p0drecoflow.PNG, id=367, 637.63219pt x 392.21532pt>
File: Figures/Reconstruction/p0drecoflow.PNG Graphic file (type png)

<use Figures/Reconstruction/p0drecoflow.PNG>
Package pdftex.def Info: Figures/Reconstruction/p0drecoflow.PNG used on input l
ine 76.
(pdftex.def)             Requested size: 433.62pt x 266.72682pt.
 [81 <./Figures/Reconstruction/p0drecoflow.PNG>] [82] [83] [84]
Package epstopdf Info: Source file: <Figures/drCalc.eps>
(epstopdf)                    date: 2014-02-18 20:02:32
(epstopdf)                    size: 1662397 bytes
(epstopdf)             Output file: <Figures/drCalc-eps-converted-to.pdf>
(epstopdf)                    date: 2014-07-02 17:27:06
(epstopdf)                    size: 32302 bytes
(epstopdf)             Command: <repstopdf --outfile=Figures/drCalc-eps-convert
ed-to.pdf Figures/drCalc.eps>
(epstopdf)             \includegraphics on input line 120.
Package epstopdf Info: Output file is already uptodate.

<Figures/drCalc-eps-converted-to.pdf, id=382, 753.81625pt x 364.36125pt>
File: Figures/drCalc-eps-converted-to.pdf Graphic file (type pdf)

<use Figures/drCalc-eps-converted-to.pdf>
Package pdftex.def Info: Figures/drCalc-eps-converted-to.pdf used on input line
 120.
(pdftex.def)             Requested size: 231.26378pt x 111.77771pt.
Package epstopdf Info: Source file: <Figures/sindThetaCalc.eps>
(epstopdf)                    date: 2014-02-18 20:02:32
(epstopdf)                    size: 1618131 bytes
(epstopdf)             Output file: <Figures/sindThetaCalc-eps-converted-to.pdf
>
(epstopdf)                    date: 2014-07-02 17:28:14
(epstopdf)                    size: 26966 bytes
(epstopdf)             Command: <repstopdf --outfile=Figures/sindThetaCalc-eps-
converted-to.pdf Figures/sindThetaCalc.eps>
(epstopdf)             \includegraphics on input line 121.
Package epstopdf Info: Output file is already uptodate.

<Figures/sindThetaCalc-eps-converted-to.pdf, id=383, 723.70375pt x 369.38pt>
File: Figures/sindThetaCalc-eps-converted-to.pdf Graphic file (type pdf)

<use Figures/sindThetaCalc-eps-converted-to.pdf>
Package pdftex.def Info: Figures/sindThetaCalc-eps-converted-to.pdf used on inp
ut line 121.
(pdftex.def)             Requested size: 231.26378pt x 118.03491pt.
 [85]
<Figures/FOM1.png, id=387, 718.93594pt x 329.73187pt>
File: Figures/FOM1.png Graphic file (type png)
 <use Figures/FOM1.png>
Package pdftex.def Info: Figures/FOM1.png used on input line 135.
(pdftex.def)             Requested size: 433.62pt x 198.88211pt.

[86 <./Figures/drCalc-eps-converted-to.pdf> <./Figures/sindThetaCalc-eps-conver
ted-to.pdf>] <Figures/FOM2.png, id=397, 717.43031pt x 331.2375pt>
File: Figures/FOM2.png Graphic file (type png)

<use Figures/FOM2.png>
Package pdftex.def Info: Figures/FOM2.png used on input line 143.
(pdftex.def)             Requested size: 433.62pt x 200.20471pt.

<Figures/matchpar1.png, id=398, 681.29532pt x 308.65312pt>
File: Figures/matchpar1.png Graphic file (type png)

<use Figures/matchpar1.png>
Package pdftex.def Info: Figures/matchpar1.png used on input line 153.
(pdftex.def)             Requested size: 433.62pt x 196.44939pt.
 [87 <./Figures/FOM1.png>]
<Figures/matchpar2.png, id=403, 679.78969pt x 309.40594pt>
File: Figures/matchpar2.png Graphic file (type png)

<use Figures/matchpar2.png>
Package pdftex.def Info: Figures/matchpar2.png used on input line 161.
(pdftex.def)             Requested size: 433.62pt x 197.36288pt.


LaTeX Warning: `h' float specifier changed to `ht'.

[88 <./Figures/FOM2.png>]
<Figures/eLossCalc1.png, id=408, 603.75563pt x 359.09157pt>
File: Figures/eLossCalc1.png Graphic file (type png)

<use Figures/eLossCalc1.png>
Package pdftex.def Info: Figures/eLossCalc1.png used on input line 178.
(pdftex.def)             Requested size: 397.48499pt x 236.4094pt.

<Figures/momentumresidual.png, id=409, 457.71pt x 432.11438pt>
File: Figures/momentumresidual.png Graphic file (type png)

<use Figures/momentumresidual.png>
Package pdftex.def Info: Figures/momentumresidual.png used on input line 186.
(pdftex.def)             Requested size: 397.48499pt x 375.27052pt.
) [89 <./Figures/matchpar1.png>] [90 <./Figures/matchpar2.png> <./Figures/eLoss
Calc1.png>] [91 <./Figures/momentumresidual.png>] (/Users/rdas/Thesis/Sections/
FVFM.tex [92

] [93] [94]
<Figures/cdmline.png, id=433, 420.06938pt x 278.54062pt>
File: Figures/cdmline.png Graphic file (type png)

<use Figures/cdmline.png>
Package pdftex.def Info: Figures/cdmline.png used on input line 52.
(pdftex.def)             Requested size: 231.26378pt x 153.34656pt.

<Figures/cdmhist.png, id=434, 448.67625pt x 307.1475pt>
File: Figures/cdmhist.png Graphic file (type png)

<use Figures/cdmhist.png>
Package pdftex.def Info: Figures/cdmhist.png used on input line 53.
(pdftex.def)             Requested size: 231.26378pt x 158.3116pt.
 [95 <./Figures/cdmline.png> <./Figures/cdmhist.png>]
[96]) [97] (/Users/rdas/Thesis/Sections/Samples.tex [98

] [99]

LaTeX Warning: `h' float specifier changed to `ht'.

[100] [101]) (/Users/rdas/Thesis/Sections/Selection.tex [102] [103]
<Figures/smveto.png, id=466, 670.75594pt x 282.30469pt>
File: Figures/smveto.png Graphic file (type png)

<use Figures/smveto.png>
Package pdftex.def Info: Figures/smveto.png used on input line 49.
(pdftex.def)             Requested size: 433.62pt x 182.5008pt.


LaTeX Warning: `h' float specifier changed to `ht'.

[104] <Figures/TN100Plots/c_Pwater_1.png, id=470, 798.985pt x 774.895pt>
File: Figures/TN100Plots/c_Pwater_1.png Graphic file (type png)

<use Figures/TN100Plots/c_Pwater_1.png>
Package pdftex.def Info: Figures/TN100Plots/c_Pwater_1.png used on input line 6
6.
(pdftex.def)             Requested size: 216.81pt x 210.26495pt.

<Figures/TN100Plots/c_Thwater_1.png, id=471, 798.985pt x 774.895pt>
File: Figures/TN100Plots/c_Thwater_1.png Graphic file (type png)

<use Figures/TN100Plots/c_Thwater_1.png>
Package pdftex.def Info: Figures/TN100Plots/c_Thwater_1.png used on input line 
67.
(pdftex.def)             Requested size: 216.81pt x 210.26495pt.

<Figures/TN100Plots/c_Xwater_1.png, id=472, 798.985pt x 774.895pt>
File: Figures/TN100Plots/c_Xwater_1.png Graphic file (type png)

<use Figures/TN100Plots/c_Xwater_1.png>
Package pdftex.def Info: Figures/TN100Plots/c_Xwater_1.png used on input line 6
8.
(pdftex.def)             Requested size: 216.81pt x 210.26495pt.

<Figures/TN100Plots/c_Ywater_1.png, id=473, 798.985pt x 774.895pt>
File: Figures/TN100Plots/c_Ywater_1.png Graphic file (type png)

<use Figures/TN100Plots/c_Ywater_1.png>
Package pdftex.def Info: Figures/TN100Plots/c_Ywater_1.png used on input line 6
9.
(pdftex.def)             Requested size: 216.81pt x 210.26495pt.


LaTeX Warning: `h' float specifier changed to `ht'.

<Figures/TN100Plots/c_Pwater_2.png, id=474, 798.985pt x 774.895pt>
File: Figures/TN100Plots/c_Pwater_2.png Graphic file (type png)

<use Figures/TN100Plots/c_Pwater_2.png>
Package pdftex.def Info: Figures/TN100Plots/c_Pwater_2.png used on input line 7
6.
(pdftex.def)             Requested size: 216.81pt x 210.26495pt.

<Figures/TN100Plots/c_Thwater_2.png, id=475, 798.985pt x 774.895pt>
File: Figures/TN100Plots/c_Thwater_2.png Graphic file (type png)

<use Figures/TN100Plots/c_Thwater_2.png>
Package pdftex.def Info: Figures/TN100Plots/c_Thwater_2.png used on input line 
77.
(pdftex.def)             Requested size: 216.81pt x 210.26495pt.

<Figures/TN100Plots/c_Xwater_2.png, id=476, 798.985pt x 774.895pt>
File: Figures/TN100Plots/c_Xwater_2.png Graphic file (type png)

<use Figures/TN100Plots/c_Xwater_2.png>
Package pdftex.def Info: Figures/TN100Plots/c_Xwater_2.png used on input line 7
8.
(pdftex.def)             Requested size: 216.81pt x 210.26495pt.

<Figures/TN100Plots/c_Ywater_2.png, id=477, 798.985pt x 774.895pt>
File: Figures/TN100Plots/c_Ywater_2.png Graphic file (type png)

<use Figures/TN100Plots/c_Ywater_2.png>
Package pdftex.def Info: Figures/TN100Plots/c_Ywater_2.png used on input line 7
9.
(pdftex.def)             Requested size: 216.81pt x 210.26495pt.


LaTeX Warning: `h' float specifier changed to `ht'.

<Figures/TN100Plots/c_Pwater_4.png, id=478, 798.985pt x 774.895pt>
File: Figures/TN100Plots/c_Pwater_4.png Graphic file (type png)

<use Figures/TN100Plots/c_Pwater_4.png>
Package pdftex.def Info: Figures/TN100Plots/c_Pwater_4.png used on input line 8
6.
(pdftex.def)             Requested size: 216.81pt x 210.26495pt.

<Figures/TN100Plots/c_Thwater_4.png, id=479, 798.985pt x 774.895pt>
File: Figures/TN100Plots/c_Thwater_4.png Graphic file (type png)

<use Figures/TN100Plots/c_Thwater_4.png>
Package pdftex.def Info: Figures/TN100Plots/c_Thwater_4.png used on input line 
87.
(pdftex.def)             Requested size: 216.81pt x 210.26495pt.

<Figures/TN100Plots/c_Xwater_4.png, id=480, 798.985pt x 774.895pt>
File: Figures/TN100Plots/c_Xwater_4.png Graphic file (type png)

<use Figures/TN100Plots/c_Xwater_4.png>
Package pdftex.def Info: Figures/TN100Plots/c_Xwater_4.png used on input line 8
8.
(pdftex.def)             Requested size: 216.81pt x 210.26495pt.

<Figures/TN100Plots/c_Ywater_4.png, id=481, 798.985pt x 774.895pt>
File: Figures/TN100Plots/c_Ywater_4.png Graphic file (type png)

<use Figures/TN100Plots/c_Ywater_4.png>
Package pdftex.def Info: Figures/TN100Plots/c_Ywater_4.png used on input line 8
9.
(pdftex.def)             Requested size: 216.81pt x 210.26495pt.


LaTeX Warning: `h' float specifier changed to `ht'.

<Figures/TN100Plots/c_Pair_2.png, id=482, 798.985pt x 774.895pt>
File: Figures/TN100Plots/c_Pair_2.png Graphic file (type png)

<use Figures/TN100Plots/c_Pair_2.png>
Package pdftex.def Info: Figures/TN100Plots/c_Pair_2.png used on input line 96.

(pdftex.def)             Requested size: 216.81pt x 210.26495pt.

<Figures/TN100Plots/c_Thair_2.png, id=483, 798.985pt x 774.895pt>
File: Figures/TN100Plots/c_Thair_2.png Graphic file (type png)

<use Figures/TN100Plots/c_Thair_2.png>
Package pdftex.def Info: Figures/TN100Plots/c_Thair_2.png used on input line 97
.
(pdftex.def)             Requested size: 216.81pt x 210.26495pt.

<Figures/TN100Plots/c_Xair_2.png, id=484, 798.985pt x 774.895pt>
File: Figures/TN100Plots/c_Xair_2.png Graphic file (type png)

<use Figures/TN100Plots/c_Xair_2.png>
Package pdftex.def Info: Figures/TN100Plots/c_Xair_2.png used on input line 98.

(pdftex.def)             Requested size: 216.81pt x 210.26495pt.

<Figures/TN100Plots/c_Yair_2.png, id=485, 798.985pt x 774.895pt>
File: Figures/TN100Plots/c_Yair_2.png Graphic file (type png)

<use Figures/TN100Plots/c_Yair_2.png>
Package pdftex.def Info: Figures/TN100Plots/c_Yair_2.png used on input line 99.

(pdftex.def)             Requested size: 216.81pt x 210.26495pt.


LaTeX Warning: `h' float specifier changed to `ht'.

<Figures/TN100Plots/c_Pair_3.png, id=486, 798.985pt x 774.895pt>
File: Figures/TN100Plots/c_Pair_3.png Graphic file (type png)

<use Figures/TN100Plots/c_Pair_3.png>
Package pdftex.def Info: Figures/TN100Plots/c_Pair_3.png used on input line 106
.
(pdftex.def)             Requested size: 216.81pt x 210.26495pt.

<Figures/TN100Plots/c_Thair_3.png, id=487, 798.985pt x 774.895pt>
File: Figures/TN100Plots/c_Thair_3.png Graphic file (type png)

<use Figures/TN100Plots/c_Thair_3.png>
Package pdftex.def Info: Figures/TN100Plots/c_Thair_3.png used on input line 10
7.
(pdftex.def)             Requested size: 216.81pt x 210.26495pt.

<Figures/TN100Plots/c_Xair_3.png, id=488, 798.985pt x 774.895pt>
File: Figures/TN100Plots/c_Xair_3.png Graphic file (type png)

<use Figures/TN100Plots/c_Xair_3.png>
Package pdftex.def Info: Figures/TN100Plots/c_Xair_3.png used on input line 108
.
(pdftex.def)             Requested size: 216.81pt x 210.26495pt.

<Figures/TN100Plots/c_Yair_3.png, id=489, 798.985pt x 774.895pt>
File: Figures/TN100Plots/c_Yair_3.png Graphic file (type png)

<use Figures/TN100Plots/c_Yair_3.png>
Package pdftex.def Info: Figures/TN100Plots/c_Yair_3.png used on input line 109
.
(pdftex.def)             Requested size: 216.81pt x 210.26495pt.


LaTeX Warning: `h' float specifier changed to `ht'.

<Figures/TN100Plots/c_Pair_4.png, id=490, 798.985pt x 774.895pt>
File: Figures/TN100Plots/c_Pair_4.png Graphic file (type png)

<use Figures/TN100Plots/c_Pair_4.png>
Package pdftex.def Info: Figures/TN100Plots/c_Pair_4.png used on input line 116
.
(pdftex.def)             Requested size: 216.81pt x 210.26495pt.

<Figures/TN100Plots/c_Thair_4.png, id=491, 798.985pt x 774.895pt>
File: Figures/TN100Plots/c_Thair_4.png Graphic file (type png)

<use Figures/TN100Plots/c_Thair_4.png>
Package pdftex.def Info: Figures/TN100Plots/c_Thair_4.png used on input line 11
7.
(pdftex.def)             Requested size: 216.81pt x 210.26495pt.

<Figures/TN100Plots/c_Xair_4.png, id=492, 798.985pt x 774.895pt>
File: Figures/TN100Plots/c_Xair_4.png Graphic file (type png)

<use Figures/TN100Plots/c_Xair_4.png>
Package pdftex.def Info: Figures/TN100Plots/c_Xair_4.png used on input line 118
.
(pdftex.def)             Requested size: 216.81pt x 210.26495pt.

<Figures/TN100Plots/c_Yair_4.png, id=493, 798.985pt x 774.895pt>
File: Figures/TN100Plots/c_Yair_4.png Graphic file (type png)

<use Figures/TN100Plots/c_Yair_4.png>
Package pdftex.def Info: Figures/TN100Plots/c_Yair_4.png used on input line 119
.
(pdftex.def)             Requested size: 216.81pt x 210.26495pt.


LaTeX Warning: `h' float specifier changed to `ht'.

<Figures/TN100Plots/c_Layerwater_1.png, id=494, 798.985pt x 774.895pt>
File: Figures/TN100Plots/c_Layerwater_1.png Graphic file (type png)

<use Figures/TN100Plots/c_Layerwater_1.png>
Package pdftex.def Info: Figures/TN100Plots/c_Layerwater_1.png used on input li
ne 126.
(pdftex.def)             Requested size: 144.54pt x 140.17268pt.

<Figures/TN100Plots/c_Layerwater_2.png, id=495, 798.985pt x 774.895pt>
File: Figures/TN100Plots/c_Layerwater_2.png Graphic file (type png)

<use Figures/TN100Plots/c_Layerwater_2.png>
Package pdftex.def Info: Figures/TN100Plots/c_Layerwater_2.png used on input li
ne 127.
(pdftex.def)             Requested size: 144.54pt x 140.17268pt.

<Figures/TN100Plots/c_Layerwater_4.png, id=496, 798.985pt x 774.895pt>
File: Figures/TN100Plots/c_Layerwater_4.png Graphic file (type png)

<use Figures/TN100Plots/c_Layerwater_4.png>
Package pdftex.def Info: Figures/TN100Plots/c_Layerwater_4.png used on input li
ne 128.
(pdftex.def)             Requested size: 144.54pt x 140.17268pt.


LaTeX Warning: `h' float specifier changed to `ht'.

<Figures/TN100Plots/c_Layerair_2.png, id=497, 798.985pt x 774.895pt>
File: Figures/TN100Plots/c_Layerair_2.png Graphic file (type png)

<use Figures/TN100Plots/c_Layerair_2.png>
Package pdftex.def Info: Figures/TN100Plots/c_Layerair_2.png used on input line
 135.
(pdftex.def)             Requested size: 144.54pt x 140.17268pt.

<Figures/TN100Plots/c_Layerair_3.png, id=498, 798.985pt x 774.895pt>
File: Figures/TN100Plots/c_Layerair_3.png Graphic file (type png)

<use Figures/TN100Plots/c_Layerair_3.png>
Package pdftex.def Info: Figures/TN100Plots/c_Layerair_3.png used on input line
 136.
(pdftex.def)             Requested size: 144.54pt x 140.17268pt.

<Figures/TN100Plots/c_Layerair_4.png, id=499, 798.985pt x 774.895pt>
File: Figures/TN100Plots/c_Layerair_4.png Graphic file (type png)

<use Figures/TN100Plots/c_Layerair_4.png>
Package pdftex.def Info: Figures/TN100Plots/c_Layerair_4.png used on input line
 137.
(pdftex.def)             Requested size: 144.54pt x 140.17268pt.


LaTeX Warning: `h' float specifier changed to `ht'.

[105 <./Figures/smveto.png>]) [106] [107 <./Figures/TN100Plots/c_Pwater_1.png> 
<./Figures/TN100Plots/c_Thwater_1.png> <./Figures/TN100Plots/c_Xwater_1.png> <.
/Figures/TN100Plots/c_Ywater_1.png>] [108 <./Figures/TN100Plots/c_Pwater_2.png>
 <./Figures/TN100Plots/c_Thwater_2.png> <./Figures/TN100Plots/c_Xwater_2.png> <
./Figures/TN100Plots/c_Ywater_2.png>] [109 <./Figures/TN100Plots/c_Pwater_4.png
> <./Figures/TN100Plots/c_Thwater_4.png> <./Figures/TN100Plots/c_Xwater_4.png> 
<./Figures/TN100Plots/c_Ywater_4.png>] [110 <./Figures/TN100Plots/c_Pair_2.png>
 <./Figures/TN100Plots/c_Thair_2.png> <./Figures/TN100Plots/c_Xair_2.png> <./Fi
gures/TN100Plots/c_Yair_2.png>] [111 <./Figures/TN100Plots/c_Pair_3.png> <./Fig
ures/TN100Plots/c_Thair_3.png> <./Figures/TN100Plots/c_Xair_3.png> <./Figures/T
N100Plots/c_Yair_3.png>] [112 <./Figures/TN100Plots/c_Pair_4.png> <./Figures/TN
100Plots/c_Thair_4.png> <./Figures/TN100Plots/c_Xair_4.png> <./Figures/TN100Plo
ts/c_Yair_4.png>] [113 <./Figures/TN100Plots/c_Layerwater_1.png> <./Figures/TN1
00Plots/c_Layerwater_2.png> <./Figures/TN100Plots/c_Layerwater_4.png> <./Figure
s/TN100Plots/c_Layerair_2.png> <./Figures/TN100Plots/c_Layerair_3.png> <./Figur
es/TN100Plots/c_Layerair_4.png>] (/Users/rdas/Thesis/Sections/XSecXtract.tex
[114

] [115] <Figures/TN100Plots/cBG1w.png, id=535, 798.985pt x 774.895pt>
File: Figures/TN100Plots/cBG1w.png Graphic file (type png)

<use Figures/TN100Plots/cBG1w.png>
Package pdftex.def Info: Figures/TN100Plots/cBG1w.png used on input line 91.
(pdftex.def)             Requested size: 144.54pt x 140.17268pt.

<Figures/TN100Plots/cBG2w.png, id=536, 798.985pt x 774.895pt>
File: Figures/TN100Plots/cBG2w.png Graphic file (type png)

<use Figures/TN100Plots/cBG2w.png>
Package pdftex.def Info: Figures/TN100Plots/cBG2w.png used on input line 92.
(pdftex.def)             Requested size: 144.54pt x 140.17268pt.

<Figures/TN100Plots/cBG4w.png, id=537, 798.985pt x 774.895pt>
File: Figures/TN100Plots/cBG4w.png Graphic file (type png)

<use Figures/TN100Plots/cBG4w.png>
Package pdftex.def Info: Figures/TN100Plots/cBG4w.png used on input line 93.
(pdftex.def)             Requested size: 144.54pt x 140.17268pt.


LaTeX Warning: `h' float specifier changed to `ht'.

<Figures/TN100Plots/cBG2a.png, id=538, 798.985pt x 774.895pt>
File: Figures/TN100Plots/cBG2a.png Graphic file (type png)

<use Figures/TN100Plots/cBG2a.png>
Package pdftex.def Info: Figures/TN100Plots/cBG2a.png used on input line 100.
(pdftex.def)             Requested size: 180.67499pt x 175.21883pt.

<Figures/TN100Plots/cBG3a.png, id=539, 798.985pt x 774.895pt>
File: Figures/TN100Plots/cBG3a.png Graphic file (type png)

<use Figures/TN100Plots/cBG3a.png>
Package pdftex.def Info: Figures/TN100Plots/cBG3a.png used on input line 101.
(pdftex.def)             Requested size: 180.67499pt x 175.21883pt.


LaTeX Warning: `h' float specifier changed to `ht'.

<Figures/BGw.png, id=540, 599.23875pt x 432.11438pt>
File: Figures/BGw.png Graphic file (type png)
 <use Figures/BGw.png>
Package pdftex.def Info: Figures/BGw.png used on input line 108.
(pdftex.def)             Requested size: 216.81pt x 156.33908pt.

<Figures/BGa.png, id=541, 599.23875pt x 432.11438pt>
File: Figures/BGa.png Graphic file (type png)
 <use Figures/BGa.png>
Package pdftex.def Info: Figures/BGa.png used on input line 109.
(pdftex.def)             Requested size: 216.81pt x 156.33908pt.


LaTeX Warning: `h' float specifier changed to `ht'.

[116] [117 <./Figures/TN100Plots/cBG1w.png> <./Figures/TN100Plots/cBG2w.png> <.
/Figures/TN100Plots/cBG4w.png>] [118 <./Figures/TN100Plots/cBG2a.png> <./Figure
s/TN100Plots/cBG3a.png>]
<Figures/TN100Plots/cNBEw.png, id=551, 798.985pt x 574.145pt>
File: Figures/TN100Plots/cNBEw.png Graphic file (type png)

<use Figures/TN100Plots/cNBEw.png>
Package pdftex.def Info: Figures/TN100Plots/cNBEw.png used on input line 122.
(pdftex.def)             Requested size: 216.81pt x 155.79216pt.

<Figures/TN100Plots/cNBEa.png, id=552, 798.985pt x 574.145pt>
File: Figures/TN100Plots/cNBEa.png Graphic file (type png)

<use Figures/TN100Plots/cNBEa.png>
Package pdftex.def Info: Figures/TN100Plots/cNBEa.png used on input line 123.
(pdftex.def)             Requested size: 216.81pt x 155.79216pt.

<Figures/TN100Plots/cBG_RvZ.png, id=553, 599.23875pt x 581.17125pt>
File: Figures/TN100Plots/cBG_RvZ.png Graphic file (type png)

<use Figures/TN100Plots/cBG_RvZ.png>
Package pdftex.def Info: Figures/TN100Plots/cBG_RvZ.png used on input line 130.

(pdftex.def)             Requested size: 361.34999pt x 350.46129pt.


LaTeX Warning: `h' float specifier changed to `ht'.

[119 <./Figures/BGw.png> <./Figures/BGa.png> <./Figures/TN100Plots/cNBEw.png> <
./Figures/TN100Plots/cNBEa.png>] [120 <./Figures/TN100Plots/cBG_RvZ.png>]
<Figures/TN100Plots/cEff_RvZ.png, id=564, 599.23875pt x 581.17125pt>
File: Figures/TN100Plots/cEff_RvZ.png Graphic file (type png)

<use Figures/TN100Plots/cEff_RvZ.png>
Package pdftex.def Info: Figures/TN100Plots/cEff_RvZ.png used on input line 139
.
(pdftex.def)             Requested size: 361.34999pt x 350.46129pt.

<Figures/fluxes.png, id=565, 798.985pt x 576.1525pt>
File: Figures/fluxes.png Graphic file (type png)
 <use Figures/fluxes.png>
Package pdftex.def Info: Figures/fluxes.png used on input line 152.
(pdftex.def)             Requested size: 361.34999pt x 260.56734pt.

[121

 <./Figures/TN100Plots/cEff_RvZ.png>]
<Figures/TN100Plots/c_nuEwater_1.png, id=570, 798.985pt x 774.895pt>
File: Figures/TN100Plots/c_nuEwater_1.png Graphic file (type png)

<use Figures/TN100Plots/c_nuEwater_1.png>
Package pdftex.def Info: Figures/TN100Plots/c_nuEwater_1.png used on input line
 159.
(pdftex.def)             Requested size: 180.67499pt x 175.21883pt.

<Figures/TN100Plots/c_nuEwater_2.png, id=571, 798.985pt x 774.895pt>
File: Figures/TN100Plots/c_nuEwater_2.png Graphic file (type png)

<use Figures/TN100Plots/c_nuEwater_2.png>
Package pdftex.def Info: Figures/TN100Plots/c_nuEwater_2.png used on input line
 160.
(pdftex.def)             Requested size: 180.67499pt x 175.21883pt.

<Figures/TN100Plots/c_nuEwater_4.png, id=572, 798.985pt x 774.895pt>
File: Figures/TN100Plots/c_nuEwater_4.png Graphic file (type png)

<use Figures/TN100Plots/c_nuEwater_4.png>
Package pdftex.def Info: Figures/TN100Plots/c_nuEwater_4.png used on input line
 161.
(pdftex.def)             Requested size: 180.67499pt x 175.21883pt.

<Figures/TN100Plots/c_nuEair_2.png, id=573, 798.985pt x 774.895pt>
File: Figures/TN100Plots/c_nuEair_2.png Graphic file (type png)

<use Figures/TN100Plots/c_nuEair_2.png>
Package pdftex.def Info: Figures/TN100Plots/c_nuEair_2.png used on input line 1
62.
(pdftex.def)             Requested size: 180.67499pt x 175.21883pt.

<Figures/TN100Plots/c_nuEair_3.png, id=574, 798.985pt x 774.895pt>
File: Figures/TN100Plots/c_nuEair_3.png Graphic file (type png)

<use Figures/TN100Plots/c_nuEair_3.png>
Package pdftex.def Info: Figures/TN100Plots/c_nuEair_3.png used on input line 1
63.
(pdftex.def)             Requested size: 180.67499pt x 175.21883pt.

<Figures/TN100Plots/c_nuEair_4.png, id=575, 798.985pt x 774.895pt>
File: Figures/TN100Plots/c_nuEair_4.png Graphic file (type png)

<use Figures/TN100Plots/c_nuEair_4.png>
Package pdftex.def Info: Figures/TN100Plots/c_nuEair_4.png used on input line 1
64.
(pdftex.def)             Requested size: 180.67499pt x 175.21883pt.


LaTeX Warning: `h' float specifier changed to `ht'.

[122 <./Figures/fluxes.png>]) [123] [124 <./Figures/TN100Plots/c_nuEwater_1.png
> <./Figures/TN100Plots/c_nuEwater_2.png> <./Figures/TN100Plots/c_nuEwater_4.pn
g> <./Figures/TN100Plots/c_nuEair_2.png> <./Figures/TN100Plots/c_nuEair_3.png> 
<./Figures/TN100Plots/c_nuEair_4.png>]
(/Users/rdas/Thesis/Sections/Systematics.tex [125

] [126]
<Figures/fluxvar.png, id=592, 798.985pt x 576.1525pt>
File: Figures/fluxvar.png Graphic file (type png)

<use Figures/fluxvar.png>
Package pdftex.def Info: Figures/fluxvar.png used on input line 40.
(pdftex.def)             Requested size: 361.34999pt x 260.56734pt.
 [127] [128 <./Figures/fluxvar.png>]
Overfull \hbox (18.90535pt too wide) in paragraph at lines 50--51
\OT1/ptm/m/n/12 and we were not di-rectly in-volved with its de-vel-op-ment. Th
is Sec-tion cov-ers how we use T2KReWeight
 []

[129] [130] [131] [132]
<Figures/TN100Plots/c_6_0.png, id=612, 798.985pt x 774.895pt>
File: Figures/TN100Plots/c_6_0.png Graphic file (type png)

<use Figures/TN100Plots/c_6_0.png>
Package pdftex.def Info: Figures/TN100Plots/c_6_0.png used on input line 117.
(pdftex.def)             Requested size: 361.34999pt x 350.44946pt.
 [133

 <./Figures/TN100Plots/c_6_0.png>]
<Figures/TN100Plots/c_12_0.png, id=616, 798.985pt x 774.895pt>
File: Figures/TN100Plots/c_12_0.png Graphic file (type png)

<use Figures/TN100Plots/c_12_0.png>
Package pdftex.def Info: Figures/TN100Plots/c_12_0.png used on input line 125.
(pdftex.def)             Requested size: 361.34999pt x 350.44946pt.
 [134 <./Figures/TN100Plots/c_12_0.png>]
[135] [136]) (/Users/rdas/Thesis/Sections/DetectorSystematics.tex [137]
[138] [139] [140]
Package epstopdf Info: Source file: <Figures/Systematics/MatchingEfficiency/dRc
osmics.eps>
(epstopdf)                    date: 2014-02-24 17:07:24
(epstopdf)                    size: 10775 bytes
(epstopdf)             Output file: <Figures/Systematics/MatchingEfficiency/dRc
osmics-eps-converted-to.pdf>
(epstopdf)                    date: 2014-10-29 07:45:44
(epstopdf)                    size: 8886 bytes
(epstopdf)             Command: <repstopdf --outfile=Figures/Systematics/Matchi
ngEfficiency/dRcosmics-eps-converted-to.pdf Figures/Systematics/MatchingEfficie
ncy/dRcosmics.eps>
(epstopdf)             \includegraphics on input line 66.
Package epstopdf Info: Output file is already uptodate.

<Figures/Systematics/MatchingEfficiency/dRcosmics-eps-converted-to.pdf, id=639,
 569.12625pt x 410.53375pt>
File: Figures/Systematics/MatchingEfficiency/dRcosmics-eps-converted-to.pdf Gra
phic file (type pdf)

<use Figures/Systematics/MatchingEfficiency/dRcosmics-eps-converted-to.pdf>
Package pdftex.def Info: Figures/Systematics/MatchingEfficiency/dRcosmics-eps-c
onverted-to.pdf used on input line 66.
(pdftex.def)             Requested size: 361.34999pt x 260.66724pt.
Package epstopdf Info: Source file: <Figures/Systematics/MatchingEfficiency/dXc
osmics.eps>
(epstopdf)                    date: 2014-02-24 17:07:24
(epstopdf)                    size: 12448 bytes
(epstopdf)             Output file: <Figures/Systematics/MatchingEfficiency/dXc
osmics-eps-converted-to.pdf>
(epstopdf)                    date: 2014-10-29 07:45:48
(epstopdf)                    size: 10230 bytes
(epstopdf)             Command: <repstopdf --outfile=Figures/Systematics/Matchi
ngEfficiency/dXcosmics-eps-converted-to.pdf Figures/Systematics/MatchingEfficie
ncy/dXcosmics.eps>
(epstopdf)             \includegraphics on input line 67.
Package epstopdf Info: Output file is already uptodate.

<Figures/Systematics/MatchingEfficiency/dXcosmics-eps-converted-to.pdf, id=640,
 569.12625pt x 410.53375pt>
File: Figures/Systematics/MatchingEfficiency/dXcosmics-eps-converted-to.pdf Gra
phic file (type pdf)

<use Figures/Systematics/MatchingEfficiency/dXcosmics-eps-converted-to.pdf>
Package pdftex.def Info: Figures/Systematics/MatchingEfficiency/dXcosmics-eps-c
onverted-to.pdf used on input line 67.
(pdftex.def)             Requested size: 216.81pt x 156.39282pt.
Package epstopdf Info: Source file: <Figures/Systematics/MatchingEfficiency/dYc
osmics.eps>
(epstopdf)                    date: 2014-02-24 17:07:24
(epstopdf)                    size: 11602 bytes
(epstopdf)             Output file: <Figures/Systematics/MatchingEfficiency/dYc
osmics-eps-converted-to.pdf>
(epstopdf)                    date: 2014-10-29 07:45:50
(epstopdf)                    size: 9783 bytes
(epstopdf)             Command: <repstopdf --outfile=Figures/Systematics/Matchi
ngEfficiency/dYcosmics-eps-converted-to.pdf Figures/Systematics/MatchingEfficie
ncy/dYcosmics.eps>
(epstopdf)             \includegraphics on input line 68.
Package epstopdf Info: Output file is already uptodate.

<Figures/Systematics/MatchingEfficiency/dYcosmics-eps-converted-to.pdf, id=641,
 569.12625pt x 410.53375pt>
File: Figures/Systematics/MatchingEfficiency/dYcosmics-eps-converted-to.pdf Gra
phic file (type pdf)

<use Figures/Systematics/MatchingEfficiency/dYcosmics-eps-converted-to.pdf>
Package pdftex.def Info: Figures/Systematics/MatchingEfficiency/dYcosmics-eps-c
onverted-to.pdf used on input line 68.
(pdftex.def)             Requested size: 216.81pt x 156.39282pt.


LaTeX Warning: `h' float specifier changed to `ht'.

Package epstopdf Info: Source file: <Figures/Systematics/MatchingEfficiency/dSc
osmics.eps>
(epstopdf)                    date: 2014-02-24 17:07:24
(epstopdf)                    size: 8432 bytes
(epstopdf)             Output file: <Figures/Systematics/MatchingEfficiency/dSc
osmics-eps-converted-to.pdf>
(epstopdf)                    date: 2014-10-29 07:45:52
(epstopdf)                    size: 7602 bytes
(epstopdf)             Command: <repstopdf --outfile=Figures/Systematics/Matchi
ngEfficiency/dScosmics-eps-converted-to.pdf Figures/Systematics/MatchingEfficie
ncy/dScosmics.eps>
(epstopdf)             \includegraphics on input line 77.
Package epstopdf Info: Output file is already uptodate.

<Figures/Systematics/MatchingEfficiency/dScosmics-eps-converted-to.pdf, id=642,
 569.12625pt x 410.53375pt>
File: Figures/Systematics/MatchingEfficiency/dScosmics-eps-converted-to.pdf Gra
phic file (type pdf)

<use Figures/Systematics/MatchingEfficiency/dScosmics-eps-converted-to.pdf>
Package pdftex.def Info: Figures/Systematics/MatchingEfficiency/dScosmics-eps-c
onverted-to.pdf used on input line 77.
(pdftex.def)             Requested size: 216.81pt x 156.39282pt.
Package epstopdf Info: Source file: <Figures/Systematics/MatchingEfficiency/dTc
osmics.eps>
(epstopdf)                    date: 2014-02-24 17:07:24
(epstopdf)                    size: 11272 bytes
(epstopdf)             Output file: <Figures/Systematics/MatchingEfficiency/dTc
osmics-eps-converted-to.pdf>
(epstopdf)                    date: 2014-10-29 07:45:56
(epstopdf)                    size: 9026 bytes
(epstopdf)             Command: <repstopdf --outfile=Figures/Systematics/Matchi
ngEfficiency/dTcosmics-eps-converted-to.pdf Figures/Systematics/MatchingEfficie
ncy/dTcosmics.eps>
(epstopdf)             \includegraphics on input line 78.
Package epstopdf Info: Output file is already uptodate.

<Figures/Systematics/MatchingEfficiency/dTcosmics-eps-converted-to.pdf, id=643,
 569.12625pt x 410.53375pt>
File: Figures/Systematics/MatchingEfficiency/dTcosmics-eps-converted-to.pdf Gra
phic file (type pdf)

<use Figures/Systematics/MatchingEfficiency/dTcosmics-eps-converted-to.pdf>
Package pdftex.def Info: Figures/Systematics/MatchingEfficiency/dTcosmics-eps-c
onverted-to.pdf used on input line 78.
(pdftex.def)             Requested size: 216.81pt x 156.39282pt.


LaTeX Warning: `h' float specifier changed to `ht'.

Package epstopdf Info: Source file: <Figures/Systematics/MatchingEfficiency/dat
adY.eps>
(epstopdf)                    date: 2014-02-18 20:02:32
(epstopdf)                    size: 12994 bytes
(epstopdf)             Output file: <Figures/Systematics/MatchingEfficiency/dat
adY-eps-converted-to.pdf>
(epstopdf)                    date: 2014-10-29 07:45:40
(epstopdf)                    size: 12030 bytes
(epstopdf)             Command: <repstopdf --outfile=Figures/Systematics/Matchi
ngEfficiency/datadY-eps-converted-to.pdf Figures/Systematics/MatchingEfficiency
/datadY.eps>
(epstopdf)             \includegraphics on input line 85.
Package epstopdf Info: Output file is already uptodate.

<Figures/Systematics/MatchingEfficiency/datadY-eps-converted-to.pdf, id=644, 56
9.12625pt x 410.53375pt>
File: Figures/Systematics/MatchingEfficiency/datadY-eps-converted-to.pdf Graphi
c file (type pdf)

<use Figures/Systematics/MatchingEfficiency/datadY-eps-converted-to.pdf>
Package pdftex.def Info: Figures/Systematics/MatchingEfficiency/datadY-eps-conv
erted-to.pdf used on input line 85.
(pdftex.def)             Requested size: 216.81pt x 156.39282pt.
Package epstopdf Info: Source file: <Figures/Systematics/MatchingEfficiency/mcd
Y.eps>
(epstopdf)                    date: 2014-02-18 20:02:32
(epstopdf)                    size: 11891 bytes
(epstopdf)             Output file: <Figures/Systematics/MatchingEfficiency/mcd
Y-eps-converted-to.pdf>
(epstopdf)                    date: 2014-10-29 07:45:42
(epstopdf)                    size: 11578 bytes
(epstopdf)             Command: <repstopdf --outfile=Figures/Systematics/Matchi
ngEfficiency/mcdY-eps-converted-to.pdf Figures/Systematics/MatchingEfficiency/m
cdY.eps>
(epstopdf)             \includegraphics on input line 86.
Package epstopdf Info: Output file is already uptodate.

<Figures/Systematics/MatchingEfficiency/mcdY-eps-converted-to.pdf, id=645, 569.
12625pt x 410.53375pt>
File: Figures/Systematics/MatchingEfficiency/mcdY-eps-converted-to.pdf Graphic 
file (type pdf)

<use Figures/Systematics/MatchingEfficiency/mcdY-eps-converted-to.pdf>
Package pdftex.def Info: Figures/Systematics/MatchingEfficiency/mcdY-eps-conver
ted-to.pdf used on input line 86.
(pdftex.def)             Requested size: 216.81pt x 156.39282pt.


LaTeX Warning: `h' float specifier changed to `ht'.


LaTeX Warning: `h' float specifier changed to `ht'.

Package epstopdf Info: Source file: <Figures/Systematics/MatchingEfficiency/Eff
_vs_Momentum.eps>
(epstopdf)                    date: 2014-02-19 20:09:28
(epstopdf)                    size: 12298 bytes
(epstopdf)             Output file: <Figures/Systematics/MatchingEfficiency/Eff
_vs_Momentum-eps-converted-to.pdf>
(epstopdf)                    date: 2014-10-29 07:45:58
(epstopdf)                    size: 8967 bytes
(epstopdf)             Command: <repstopdf --outfile=Figures/Systematics/Matchi
ngEfficiency/Eff_vs_Momentum-eps-converted-to.pdf Figures/Systematics/MatchingE
fficiency/Eff_vs_Momentum.eps>
(epstopdf)             \includegraphics on input line 112.
Package epstopdf Info: Output file is already uptodate.

<Figures/Systematics/MatchingEfficiency/Eff_vs_Momentum-eps-converted-to.pdf, i
d=646, 569.12625pt x 410.53375pt>
File: Figures/Systematics/MatchingEfficiency/Eff_vs_Momentum-eps-converted-to.p
df Graphic file (type pdf)

<use Figures/Systematics/MatchingEfficiency/Eff_vs_Momentum-eps-converted-to.pd
f>
Package pdftex.def Info: Figures/Systematics/MatchingEfficiency/Eff_vs_Momentum
-eps-converted-to.pdf used on input line 112.
(pdftex.def)             Requested size: 216.81pt x 156.39282pt.
Package epstopdf Info: Source file: <Figures/Systematics/MatchingEfficiency/Eff
_vs_Theta.eps>
(epstopdf)                    date: 2014-02-19 20:09:28
(epstopdf)                    size: 11162 bytes
(epstopdf)             Output file: <Figures/Systematics/MatchingEfficiency/Eff
_vs_Theta-eps-converted-to.pdf>
(epstopdf)                    date: 2014-10-29 07:46:00
(epstopdf)                    size: 8609 bytes
(epstopdf)             Command: <repstopdf --outfile=Figures/Systematics/Matchi
ngEfficiency/Eff_vs_Theta-eps-converted-to.pdf Figures/Systematics/MatchingEffi
ciency/Eff_vs_Theta.eps>
(epstopdf)             \includegraphics on input line 113.
Package epstopdf Info: Output file is already uptodate.

<Figures/Systematics/MatchingEfficiency/Eff_vs_Theta-eps-converted-to.pdf, id=6
47, 569.12625pt x 410.53375pt>
File: Figures/Systematics/MatchingEfficiency/Eff_vs_Theta-eps-converted-to.pdf 
Graphic file (type pdf)

<use Figures/Systematics/MatchingEfficiency/Eff_vs_Theta-eps-converted-to.pdf>
Package pdftex.def Info: Figures/Systematics/MatchingEfficiency/Eff_vs_Theta-ep
s-converted-to.pdf used on input line 113.
(pdftex.def)             Requested size: 216.81pt x 156.39282pt.

[141] [142]
Package epstopdf Info: Source file: <Figures/delltaTmismatch.eps>
(epstopdf)                    date: 2014-02-18 20:02:32
(epstopdf)                    size: 158578 bytes
(epstopdf)             Output file: <Figures/delltaTmismatch-eps-converted-to.p
df>
(epstopdf)                    date: 2014-10-29 07:47:00
(epstopdf)                    size: 18440 bytes
(epstopdf)             Command: <repstopdf --outfile=Figures/delltaTmismatch-ep
s-converted-to.pdf Figures/delltaTmismatch.eps>
(epstopdf)             \includegraphics on input line 130.
Package epstopdf Info: Output file is already uptodate.

<Figures/delltaTmismatch-eps-converted-to.pdf, id=655, 682.55pt x 855.195pt>
File: Figures/delltaTmismatch-eps-converted-to.pdf Graphic file (type pdf)

<use Figures/delltaTmismatch-eps-converted-to.pdf>
Package pdftex.def Info: Figures/delltaTmismatch-eps-converted-to.pdf used on i
nput line 130.
(pdftex.def)             Requested size: 216.81pt x 271.64537pt.
Package epstopdf Info: Source file: <Figures/t0mismatch.eps>
(epstopdf)                    date: 2014-02-18 20:02:32
(epstopdf)                    size: 152194 bytes
(epstopdf)             Output file: <Figures/t0mismatch-eps-converted-to.pdf>
(epstopdf)                    date: 2014-10-29 07:47:44
(epstopdf)                    size: 19486 bytes
(epstopdf)             Command: <repstopdf --outfile=Figures/t0mismatch-eps-con
verted-to.pdf Figures/t0mismatch.eps>
(epstopdf)             \includegraphics on input line 131.
Package epstopdf Info: Output file is already uptodate.

<Figures/t0mismatch-eps-converted-to.pdf, id=656, 682.55pt x 855.195pt>
File: Figures/t0mismatch-eps-converted-to.pdf Graphic file (type pdf)

<use Figures/t0mismatch-eps-converted-to.pdf>
Package pdftex.def Info: Figures/t0mismatch-eps-converted-to.pdf used on input 
line 131.
(pdftex.def)             Requested size: 216.81pt x 271.64537pt.


LaTeX Warning: `h' float specifier changed to `ht'.

[143] [144] [145]
Package epstopdf Info: Source file: <Figures/Systematics/HitEfficiency/Hiteffsa
ndw.eps>
(epstopdf)                    date: 2014-02-24 18:36:24
(epstopdf)                    size: 17366 bytes
(epstopdf)             Output file: <Figures/Systematics/HitEfficiency/Hiteffsa
ndw-eps-converted-to.pdf>
(epstopdf)                    date: 2014-12-01 13:53:18
(epstopdf)                    size: 13705 bytes
(epstopdf)             Command: <repstopdf --outfile=Figures/Systematics/HitEff
iciency/Hiteffsandw-eps-converted-to.pdf Figures/Systematics/HitEfficiency/Hite
ffsandw.eps>
(epstopdf)             \includegraphics on input line 187.
Package epstopdf Info: Output file is already uptodate.

<Figures/Systematics/HitEfficiency/Hiteffsandw-eps-converted-to.pdf, id=667, 56
9.12625pt x 410.53375pt>
File: Figures/Systematics/HitEfficiency/Hiteffsandw-eps-converted-to.pdf Graphi
c file (type pdf)

<use Figures/Systematics/HitEfficiency/Hiteffsandw-eps-converted-to.pdf>
Package pdftex.def Info: Figures/Systematics/HitEfficiency/Hiteffsandw-eps-conv
erted-to.pdf used on input line 187.
(pdftex.def)             Requested size: 216.81pt x 156.39282pt.
Package epstopdf Info: Source file: <Figures/Systematics/HitEfficiency/Hiteffsa
nda.eps>
(epstopdf)                    date: 2014-02-24 18:36:24
(epstopdf)                    size: 17351 bytes
(epstopdf)             Output file: <Figures/Systematics/HitEfficiency/Hiteffsa
nda-eps-converted-to.pdf>
(epstopdf)                    date: 2014-12-01 13:53:20
(epstopdf)                    size: 14025 bytes
(epstopdf)             Command: <repstopdf --outfile=Figures/Systematics/HitEff
iciency/Hiteffsanda-eps-converted-to.pdf Figures/Systematics/HitEfficiency/Hite
ffsanda.eps>
(epstopdf)             \includegraphics on input line 188.
Package epstopdf Info: Output file is already uptodate.

<Figures/Systematics/HitEfficiency/Hiteffsanda-eps-converted-to.pdf, id=668, 56
9.12625pt x 410.53375pt>
File: Figures/Systematics/HitEfficiency/Hiteffsanda-eps-converted-to.pdf Graphi
c file (type pdf)

<use Figures/Systematics/HitEfficiency/Hiteffsanda-eps-converted-to.pdf>
Package pdftex.def Info: Figures/Systematics/HitEfficiency/Hiteffsanda-eps-conv
erted-to.pdf used on input line 188.
(pdftex.def)             Requested size: 216.81pt x 156.39282pt.

[146] [147]

LaTeX Warning: `h' float specifier changed to `ht'.

<Figures/layeff1.png, id=675, 623.32875pt x 290.58563pt>
File: Figures/layeff1.png Graphic file (type png)

<use Figures/layeff1.png>
Package pdftex.def Info: Figures/layeff1.png used on input line 261.
(pdftex.def)             Requested size: 361.34999pt x 168.45554pt.

<Figures/layeff2.png, id=676, 623.32875pt x 290.58563pt>
File: Figures/layeff2.png Graphic file (type png)

<use Figures/layeff2.png>
Package pdftex.def Info: Figures/layeff2.png used on input line 262.
(pdftex.def)             Requested size: 361.34999pt x 168.45554pt.

<Figures/layeff3.png, id=677, 626.34pt x 290.58563pt>
File: Figures/layeff3.png Graphic file (type png)

<use Figures/layeff3.png>
Package pdftex.def Info: Figures/layeff3.png used on input line 263.
(pdftex.def)             Requested size: 361.34999pt x 167.64854pt.


LaTeX Warning: `h' float specifier changed to `ht'.


LaTeX Warning: `h' float specifier changed to `ht'.

[148] [149]
<Figures/Systematics/FVresolution.png, id=684, 673.76718pt x 289.83281pt>
File: Figures/Systematics/FVresolution.png Graphic file (type png)

<use Figures/Systematics/FVresolution.png>
Package pdftex.def Info: Figures/Systematics/FVresolution.png used on input lin
e 334.
(pdftex.def)             Requested size: 397.48499pt x 170.9866pt.
 [150] [151] [152] [153] [154]
[155]

LaTeX Warning: `h' float specifier changed to `ht'.

[156] [157]
Overfull \hbox (9.49799pt too wide) in paragraph at lines 469--479
 [][] 
 []

[158]

LaTeX Warning: `h' float specifier changed to `ht'.

[159] [160] [161] [162]
<Figures/tpc1matcheff.png, id=727, 630.10406pt x 424.58624pt>
File: Figures/tpc1matcheff.png Graphic file (type png)

<use Figures/tpc1matcheff.png>
Package pdftex.def Info: Figures/tpc1matcheff.png used on input line 544.
(pdftex.def)             Requested size: 289.07999pt x 194.79375pt.


LaTeX Warning: `h' float specifier changed to `ht'.

[163] [164]
<Figures/Systematics/chmisID1.png, id=734, 465.23813pt x 377.15906pt>
File: Figures/Systematics/chmisID1.png Graphic file (type png)

<use Figures/Systematics/chmisID1.png>
Package pdftex.def Info: Figures/Systematics/chmisID1.png used on input line 58
7.
(pdftex.def)             Requested size: 361.34999pt x 292.94556pt.


LaTeX Warning: `h' float specifier changed to `ht'.

[165] [166] [167]

LaTeX Warning: `h' float specifier changed to `ht'.

[168] [169] [170 <./Figures/Systematics/MatchingEfficiency/dRcosmics-eps-conver
ted-to.pdf> <./Figures/Systematics/MatchingEfficiency/dXcosmics-eps-converted-t
o.pdf> <./Figures/Systematics/MatchingEfficiency/dYcosmics-eps-converted-to.pdf
>] [171 <./Figures/Systematics/MatchingEfficiency/dScosmics-eps-converted-to.pd
f> <./Figures/Systematics/MatchingEfficiency/dTcosmics-eps-converted-to.pdf> <.
/Figures/Systematics/MatchingEfficiency/datadY-eps-converted-to.pdf> <./Figures
/Systematics/MatchingEfficiency/mcdY-eps-converted-to.pdf>] [172 <./Figures/Sys
tematics/MatchingEfficiency/Eff_vs_Momentum-eps-converted-to.pdf> <./Figures/Sy
stematics/MatchingEfficiency/Eff_vs_Theta-eps-converted-to.pdf> <./Figures/dell
taTmismatch-eps-converted-to.pdf> <./Figures/t0mismatch-eps-converted-to.pdf>]
[173 <./Figures/Systematics/HitEfficiency/Hiteffsandw-eps-converted-to.pdf> <./
Figures/Systematics/HitEfficiency/Hiteffsanda-eps-converted-to.pdf>] [174 <./Fi
gures/layeff1.png> <./Figures/layeff2.png> <./Figures/layeff3.png>] [175 <./Fig
ures/Systematics/FVresolution.png> <./Figures/tpc1matcheff.png>] [176 <./Figure
s/Systematics/chmisID1.png>]
Overfull \hbox (19.97737pt too wide) detected at line 706
\OML/cmm/m/it/12 ^^[[] \OT1/cmr/m/n/12 = [] [] \OML/cmm/m/it/12 :
 []

[177

] [178] [179]

LaTeX Warning: `h' float specifier changed to `ht'.

[180] [181] [182] [183] [184] [185] [186]

LaTeX Warning: `h' float specifier changed to `ht'.

) [187] [188] (/Users/rdas/Thesis/Sections/Results.tex [189

] [190] [191]
<Figures/XSec.png, id=890, 899.36pt x 674.52pt>
File: Figures/XSec.png Graphic file (type png)
 <use Figures/XSec.png>
Package pdftex.def Info: Figures/XSec.png used on input line 46.
(pdftex.def)             Requested size: 505.89pt x 379.41656pt.

Overfull \hbox (36.13498pt too wide) in paragraph at lines 46--47
 [][] 
 []


LaTeX Warning: `h' float specifier changed to `ht'.

) [192] [193 <./Figures/XSec.png>] (/Users/rdas/Thesis/References.tex [194

]
[195]
LaTeX Font Info:    Try loading font information for OT1+pcr on input line 119.

 (/usr/local/texlive/2015/texmf-dist/tex/latex/psnfss/ot1pcr.fd
File: ot1pcr.fd 2001/06/04 font definitions for OT1/pcr.
) [196]
LaTeX Font Info:    Try loading font information for OML+ptm on input line 132.


(/usr/local/texlive/2015/texmf-dist/tex/latex/psnfss/omlptm.fd
File: omlptm.fd 
)
LaTeX Font Info:    Font shape `OML/ptm/m/n' in size <12> not available
(Font)              Font shape `OML/cmm/m/it' tried instead on input line 132.
) [197]
(./T2KThesis_RDas.aux) ) 
Here is how much of TeX's memory you used:
 5014 strings out of 493089
 81286 string characters out of 6134842
 148438 words of memory out of 5000000
 8195 multiletter control sequences out of 15000+600000
 21547 words of font info for 53 fonts, out of 8000000 for 9000
 1141 hyphenation exceptions out of 8191
 37i,17n,43p,2114b,274s stack positions out of 5000i,500n,10000p,200000b,80000s
{/usr/local/texlive/2015/texmf-dist/fonts/enc/dvips/bas
e/8r.enc}</usr/local/texlive/2015/texmf-dist/fonts/type1/public/amsfonts/cm/cme
x10.pfb></usr/local/texlive/2015/texmf-dist/fonts/type1/public/amsfonts/cm/cmmi
10.pfb></usr/local/texlive/2015/texmf-dist/fonts/type1/public/amsfonts/cm/cmmi1
2.pfb></usr/local/texlive/2015/texmf-dist/fonts/type1/public/amsfonts/cm/cmmi6.
pfb></usr/local/texlive/2015/texmf-dist/fonts/type1/public/amsfonts/cm/cmmi8.pf
b></usr/local/texlive/2015/texmf-dist/fonts/type1/public/amsfonts/cm/cmr12.pfb>
</usr/local/texlive/2015/texmf-dist/fonts/type1/public/amsfonts/cm/cmr6.pfb></u
sr/local/texlive/2015/texmf-dist/fonts/type1/public/amsfonts/cm/cmr8.pfb></usr/
local/texlive/2015/texmf-dist/fonts/type1/public/amsfonts/cm/cmsy10.pfb></usr/l
ocal/texlive/2015/texmf-dist/fonts/type1/public/amsfonts/cm/cmsy6.pfb></usr/loc
al/texlive/2015/texmf-dist/fonts/type1/public/amsfonts/cm/cmsy8.pfb></usr/local
/texlive/2015/texmf-dist/fonts/type1/urw/courier/ucrr8a.pfb></usr/local/texlive
/2015/texmf-dist/fonts/type1/urw/times/utmb8a.pfb></usr/local/texlive/2015/texm
f-dist/fonts/type1/urw/times/utmr8a.pfb></usr/local/texlive/2015/texmf-dist/fon
ts/type1/urw/times/utmri8a.pfb>
Output written on T2KThesis_RDas.pdf (204 pages, 5857220 bytes).
PDF statistics:
 967 PDF objects out of 1000 (max. 8388607)
 553 compressed objects within 6 object streams
 0 named destinations out of 1000 (max. 500000)
 611 words of extra memory for PDF output out of 10000 (max. 10000000)

