This is pdfeTeX, Version 3.141592-1.21a-2.2 (Web2C 7.5.4) (format=latex 2013.3.13)  27 FEB 2014 17:46
entering extended mode
**CC-P0D-TPC-Analysis.tex
(./CC-P0D-TPC-Analysis.tex
LaTeX2e <2003/12/01>
Babel <v3.8d> and hyphenation patterns for american, french, german, ngerman, b
ahasa, basque, bulgarian, catalan, croatian, czech, danish, dutch, esperanto, e
stonian, finnish, greek, icelandic, irish, italian, latin, magyar, norsk, polis
h, portuges, romanian, russian, serbian, slovak, slovene, spanish, swedish, tur
kish, ukrainian, nohyphenation, loaded.
(/usr/share/texmf/tex/latex/base/article.cls
Document Class: article 2004/02/16 v1.4f Standard LaTeX document class
(/usr/share/texmf/tex/latex/base/size11.clo
File: size11.clo 2004/02/16 v1.4f Standard LaTeX file (size option)
)
\c@part=\count79
\c@section=\count80
\c@subsection=\count81
\c@subsubsection=\count82
\c@paragraph=\count83
\c@subparagraph=\count84
\c@figure=\count85
\c@table=\count86
\abovecaptionskip=\skip41
\belowcaptionskip=\skip42
\bibindent=\dimen102
)
(/usr/share/texmf/tex/latex/lineno/lineno.sty
Package: lineno 2005/01/10 line numbers on paragraphs v4.1c
\linenopenalty=\count87
\output=\toks14
\linenoprevgraf=\count88
\linenumbersep=\dimen103
\linenumberwidth=\dimen104
\c@linenumber=\count89
\c@pagewiselinenumber=\count90
\n@LN@truepage=\count91
\c@linenumbermodulo=\count92
\c@internallinenumber=\count93
\c@internallinenumbers=\count94
\quotelinenumbersep=\dimen105
\bframerule=\dimen106
\bframesep=\dimen107
\bframebox=\box26
LaTeX Info: Redefining \\ on input line 2405.
)
(/usr/share/texmf/tex/latex/graphics/epsfig.sty
Package: epsfig 1999/02/16 v1.7a (e)psfig emulation (SPQR)

(/usr/share/texmf/tex/latex/graphics/graphicx.sty
Package: graphicx 1999/02/16 v1.0f Enhanced LaTeX Graphics (DPC,SPQR)

(/usr/share/texmf/tex/latex/graphics/keyval.sty
Package: keyval 1999/03/16 v1.13 key=value parser (DPC)
\KV@toks@=\toks15
)
(/usr/share/texmf/tex/latex/graphics/graphics.sty
Package: graphics 2001/07/07 v1.0n Standard LaTeX Graphics (DPC,SPQR)

(/usr/share/texmf/tex/latex/graphics/trig.sty
Package: trig 1999/03/16 v1.09 sin cos tan (DPC)
)
(/usr/share/texmf/tex/latex/graphics/graphics.cfg
File: graphics.cfg 2005/02/03 v1.3 graphics configuration of teTeX/TeXLive
)
Package graphics Info: Driver file: dvips.def on input line 80.

(/usr/share/texmf/tex/latex/graphics/dvips.def
File: dvips.def 1999/02/16 v3.0i Driver-dependant file (DPC,SPQR)
))
\Gin@req@height=\dimen108
\Gin@req@width=\dimen109
)
\epsfxsize=\dimen110
\epsfysize=\dimen111
)
(/usr/share/texmf/tex/latex/amsmath/amsmath.sty
Package: amsmath 2000/07/18 v2.13 AMS math features
\@mathmargin=\skip43

For additional information on amsmath, use the `?' option.
(/usr/share/texmf/tex/latex/amsmath/amstext.sty
Package: amstext 2000/06/29 v2.01

(/usr/share/texmf/tex/latex/amsmath/amsgen.sty
File: amsgen.sty 1999/11/30 v2.0
\@emptytoks=\toks16
\ex@=\dimen112
))
(/usr/share/texmf/tex/latex/amsmath/amsbsy.sty
Package: amsbsy 1999/11/29 v1.2d
\pmbraise@=\dimen113
)
(/usr/share/texmf/tex/latex/amsmath/amsopn.sty
Package: amsopn 1999/12/14 v2.01 operator names
)
\inf@bad=\count95
LaTeX Info: Redefining \frac on input line 211.
\uproot@=\count96
\leftroot@=\count97
LaTeX Info: Redefining \overline on input line 307.
\classnum@=\count98
\DOTSCASE@=\count99
LaTeX Info: Redefining \ldots on input line 379.
LaTeX Info: Redefining \dots on input line 382.
LaTeX Info: Redefining \cdots on input line 467.
\Mathstrutbox@=\box27
\strutbox@=\box28
\big@size=\dimen114
LaTeX Font Info:    Redeclaring font encoding OML on input line 567.
LaTeX Font Info:    Redeclaring font encoding OMS on input line 568.
\macc@depth=\count100
\c@MaxMatrixCols=\count101
\dotsspace@=\muskip10
\c@parentequation=\count102
\dspbrk@lvl=\count103
\tag@help=\toks17
\row@=\count104
\column@=\count105
\maxfields@=\count106
\andhelp@=\toks18
\eqnshift@=\dimen115
\alignsep@=\dimen116
\tagshift@=\dimen117
\tagwidth@=\dimen118
\totwidth@=\dimen119
\lineht@=\dimen120
\@envbody=\toks19
\multlinegap=\skip44
\multlinetaggap=\skip45
\mathdisplay@stack=\toks20
LaTeX Info: Redefining \[ on input line 2666.
LaTeX Info: Redefining \] on input line 2667.
)
(/usr/share/texmf/tex/latex/preprint/authblk.sty
Package: authblk 2001/02/27 1.3 (PWD)
\affilsep=\skip46
\@affilsep=\skip47
\c@Maxaffil=\count107
\c@authors=\count108
\c@affil=\count109
)
(/usr/share/texmf/tex/latex/multirow/multirow.sty
\bigstrutjot=\dimen121
)
(/usr/share/texmf/tex/latex/fancyhdr/fancyhdr.sty
\fancy@headwidth=\skip48
\f@ncyO@elh=\skip49
\f@ncyO@erh=\skip50
\f@ncyO@olh=\skip51
\f@ncyO@orh=\skip52
\f@ncyO@elf=\skip53
\f@ncyO@erf=\skip54
\f@ncyO@olf=\skip55
\f@ncyO@orf=\skip56
)
(/usr/share/texmf/tex/latex/geometry/geometry.sty
Package: geometry 2002/07/08 v3.2 Page Geometry
\Gm@cnth=\count110
\Gm@cntv=\count111
\c@Gm@tempcnt=\count112
\Gm@bindingoffset=\dimen122
\Gm@wd@mp=\dimen123
\Gm@odd@mp=\dimen124
\Gm@even@mp=\dimen125
\Gm@dimlist=\toks21

(/usr/share/texmf/tex/latex/geometry/geometry.cfg))
(/usr/share/texmf/tex/latex/oberdiek/epstopdf.sty
Package: epstopdf 2001/02/04 v1.1 Conversion with epstopdf on the fly (HO)


Package epstopdf Warning: Graphics driver file `pdftex.def' not loaded.

) (/usr/share/texmf/tex/latex/graphics/color.sty
Package: color 1999/02/16 v1.0i Standard LaTeX Color (DPC)

(/usr/share/texmf/tex/latex/graphics/color.cfg
File: color.cfg 2005/02/03 v1.3 color configuration of teTeX/TeXLive
)
Package color Info: Driver file: dvips.def on input line 125.

(/usr/share/texmf/tex/latex/graphics/dvipsnam.def
File: dvipsnam.def 1999/02/16 v3.0i Driver-dependant file (DPC,SPQR)
))
(/usr/share/texmf/tex/latex/cancel/cancel.sty
Package: cancel 2000/03/12 v2.1 Cancel math terms
)
(/usr/share/texmf/tex/latex/booktabs/booktabs.sty
Package: booktabs 2003/03/28 v1.618 publication quality tables
\heavyrulewidth=\dimen126
\lightrulewidth=\dimen127
\cmidrulewidth=\dimen128
\belowrulesep=\dimen129
\belowbottomsep=\dimen130
\aboverulesep=\dimen131
\abovetopsep=\dimen132
\cmidrulesep=\dimen133
\cmidrulekern=\dimen134
\defaultaddspace=\dimen135
\@cmidla=\count113
\@cmidlb=\count114
\@aboverulesep=\dimen136
\@belowrulesep=\dimen137
\@thisruleclass=\count115
\@lastruleclass=\count116
\@thisrulewidth=\dimen138
)
(/usr/share/texmf/tex/latex/tools/array.sty
Package: array 2003/12/17 v2.4a Tabular extension package (FMi)
\col@sep=\dimen139
\extrarowheight=\dimen140
\NC@list=\toks22
\extratabsurround=\skip57
\backup@length=\skip58
)
(/usr/share/texmf/tex/latex/paralist/paralist.sty
Package: paralist 2002/03/18 v2.3b Extended list environments (BS)
\pltopsep=\skip59
\plpartopsep=\skip60
\plitemsep=\skip61
\plparsep=\skip62
\pl@lab=\toks23
)
(/usr/share/texmf/tex/latex/tools/verbatim.sty
Package: verbatim 2003/08/22 v1.5q LaTeX2e package for verbatim enhancements
\every@verbatim=\toks24
\verbatim@line=\toks25
\verbatim@in@stream=\read1
)
(/usr/share/texmf/tex/latex/subfig/subfig.sty
Package: subfig 2004/01/28 ver: 1.2 subfig package

(/usr/share/texmf/tex/latex/caption/caption.sty
Package: caption 2006/01/12 v3.0i Customising captions (AR)

(/usr/share/texmf/tex/latex/caption/caption3.sty
Package: caption3 2006/01/12 v3.0i caption3 kernel (AR)
\captionmargin=\dimen141
\captionmarginx=\dimen142
\captionwidth=\dimen143
\captionindent=\dimen144
\captionparindent=\dimen145
\captionhangindent=\dimen146
))
\c@KVtest=\count117
\sf@farskip=\skip63
\sf@captopadj=\dimen147
\sf@capskip=\skip64
\sf@nearskip=\skip65
\c@subfigure=\count118
\c@subfigure@save=\count119
\c@lofdepth=\count120
\c@subtable=\count121
\c@subtable@save=\count122
\c@lotdepth=\count123
\sf@top=\skip66
\sf@bottom=\skip67
)
(/usr/share/texmf/tex/latex/tocbibind/tocbibind.sty
Package: tocbibind 2003/03/13 v1.5g extra ToC listings


Package tocbibind Note: The document has section divisions.


Package tocbibind Note: Using section or other style headings.

) (/usr/share/texmf/tex/latex/tocloft/tocloft.sty
Package: tocloft 2003/09/26 v2.3c parameterised ToC, etc., typesetting


Package tocloft Note: The document has section divisions.

\cftparskip=\skip68
\cftbeforetoctitleskip=\skip69
\cftaftertoctitleskip=\skip70
\cftbeforepartskip=\skip71
\cftpartnumwidth=\skip72
\cftpartindent=\skip73
\cftbeforesecskip=\skip74
\cftsecindent=\skip75
\cftsecnumwidth=\skip76
\cftbeforesubsecskip=\skip77
\cftsubsecindent=\skip78
\cftsubsecnumwidth=\skip79
\cftbeforesubsubsecskip=\skip80
\cftsubsubsecindent=\skip81
\cftsubsubsecnumwidth=\skip82
\cftbeforeparaskip=\skip83
\cftparaindent=\skip84
\cftparanumwidth=\skip85
\cftbeforesubparaskip=\skip86
\cftsubparaindent=\skip87
\cftsubparanumwidth=\skip88
\cftbeforeloftitleskip=\skip89
\cftafterloftitleskip=\skip90
\cftbeforefigskip=\skip91
\cftfigindent=\skip92
\cftfignumwidth=\skip93
\cftbeforelottitleskip=\skip94
\cftafterlottitleskip=\skip95
\cftbeforetabskip=\skip96
\cfttabindent=\skip97
\cfttabnumwidth=\skip98
\cftbeforesubfigskip=\skip99
\cftsubfigindent=\skip100
\cftsubfignumwidth=\skip101
\cftbeforesubtabskip=\skip102
\cftsubtabindent=\skip103
\cftsubtabnumwidth=\skip104
) (./CC-P0D-TPC-Analysis.aux

LaTeX Warning: Label `tab:MCSamplesRun1Run2Run4' multiply defined.


LaTeX Warning: Label `fig:PmuRun1Run2Run4' multiply defined.


LaTeX Warning: Label `tab:MCBreakdown' multiply defined.


LaTeX Warning: Label `bayes' multiply defined.

)
\openout1 = `CC-P0D-TPC-Analysis.aux'.

LaTeX Font Info:    Checking defaults for OML/cmm/m/it on input line 41.
LaTeX Font Info:    ... okay on input line 41.
LaTeX Font Info:    Checking defaults for T1/cmr/m/n on input line 41.
LaTeX Font Info:    ... okay on input line 41.
LaTeX Font Info:    Checking defaults for OT1/cmr/m/n on input line 41.
LaTeX Font Info:    ... okay on input line 41.
LaTeX Font Info:    Checking defaults for OMS/cmsy/m/n on input line 41.
LaTeX Font Info:    ... okay on input line 41.
LaTeX Font Info:    Checking defaults for OMX/cmex/m/n on input line 41.
LaTeX Font Info:    ... okay on input line 41.
LaTeX Font Info:    Checking defaults for U/cmr/m/n on input line 41.
LaTeX Font Info:    ... okay on input line 41.
-------------------- Geometry parameters
paper: class default
landscape: --
twocolumn: --
twoside: --
asymmetric: --
h-parts: 71.13188pt, 472.03123pt, 71.13188pt
v-parts: 71.13188pt, 652.70622pt, 71.13188pt
hmarginratio: --
vmarginratio: --
lines: --
heightrounded: --
bindingoffset: 0.0pt
truedimen: --
includehead: --
includefoot: --
includemp: --
driver: 
-------------------- Page layout dimensions and switches
\paperwidth  614.295pt
\paperheight 794.96999pt
\textwidth  472.03123pt
\textheight 652.70622pt
\oddsidemargin  -1.1381pt
\evensidemargin -1.1381pt
\topmargin  -38.1381pt
\headheight 12.0pt
\headsep    25.0pt
\footskip   30.0pt
\marginparwidth 59.0pt
\marginparsep   10.0pt
\columnsep  10.0pt
\skip\footins  10.0pt plus 4.0pt minus 2.0pt
\hoffset 0.0pt
\voffset 0.0pt
\mag 1000

(1in=72.27pt, 1cm=28.45pt)
-----------------------
 (/usr/share/texmf/tex/latex/ms/ragged2e.sty
Package: ragged2e 2003/03/25 v2.04 ragged2e Package (MS)

(/usr/share/texmf/tex/latex/ms/everysel.sty
Package: everysel 1999/06/08 v1.03 EverySelectfont Package (MS)
LaTeX Info: Redefining \selectfont on input line 125.
)
\CenteringLeftskip=\skip105
\RaggedLeftLeftskip=\skip106
\RaggedRightLeftskip=\skip107
\CenteringRightskip=\skip108
\RaggedLeftRightskip=\skip109
\RaggedRightRightskip=\skip110
\CenteringParfillskip=\skip111
\RaggedLeftParfillskip=\skip112
\RaggedRightParfillskip=\skip113
\JustifyingParfillskip=\skip114
\CenteringParindent=\skip115
\RaggedLeftParindent=\skip116
\RaggedRightParindent=\skip117
\JustifyingParindent=\skip118
) (./Sections/FrontMatter.tex
[1

] (./CC-P0D-TPC-Analysis.toc

Package Fancyhdr Warning: \headheight is too small (12.0pt): 
 Make it at least 13.59999pt.
 We now make it that large for the rest of the document.
 This may cause the page layout to be inconsistent, however.

[2])
\tf@toc=\write3
\openout3 = `CC-P0D-TPC-Analysis.toc'.

 [3]) (./Sections/Introduction.tex
LaTeX Font Info:    Try loading font information for OMS+cmr on input line 22.

(/usr/share/texmf/tex/latex/base/omscmr.fd
File: omscmr.fd 1999/05/25 v2.5h Standard LaTeX font definitions
)
LaTeX Font Info:    Font shape `OMS/cmr/m/n' in size <10.95> not available
(Font)              Font shape `OMS/cmsy/m/n' tried instead on input line 22.
) (./Sections/Description.tex
[4]) (./Sections/Files.tex
Underfull \hbox (badness 10000) in paragraph at lines 4--9

 []


Underfull \hbox (badness 10000) in paragraph at lines 37--41

 []


Underfull \hbox (badness 10000) in paragraph at lines 42--52

 []

[5]

LaTeX Warning: Reference `tab:MCSamplesRun2airRun3airRun4air' on page 6 undefin
ed on input line 84.


Underfull \hbox (badness 10000) in paragraph at lines 73--86

 []

File: Figures/run1-fluxreweight.eps Graphic file (type eps)
<Figures/run1-fluxreweight.eps>
File: Figures/run2-fluxreweight.eps Graphic file (type eps)
 <Figures/run2-fluxreweight.eps>)
(./Sections/Reconstruction.tex [6] [7]
Underfull \hbox (badness 10000) in paragraph at lines 7--14

 []


Underfull \hbox (badness 10000) in paragraph at lines 47--51

 []


Underfull \hbox (badness 10000) in paragraph at lines 52--58

 []

[8

]
Underfull \hbox (badness 10000) in paragraph at lines 110--116

 []

File: Figures/drCalc.eps Graphic file (type eps)
<Figures/drCalc.eps>
File: Figures/sindThetaCalc.eps Graphic file (type eps)
 <Figures/sindThetaCalc.eps> [9]
File: Figures/optCut-5E-Run2water-caseA-sinTdR-unzoomZ.eps Graphic file (type e
ps)

<Figures/optCut-5E-Run2water-caseA-sinTdR-unzoomZ.eps>
File: Figures/optCut-5E-Run2water-caseA-sinTdR-zoomZ.eps Graphic file (type eps
)

<Figures/optCut-5E-Run2water-caseA-sinTdR-zoomZ.eps>
File: Figures/optCut-5E-Run3air-caseA-sinTdR-unzoomZ.eps Graphic file (type eps
)

<Figures/optCut-5E-Run3air-caseA-sinTdR-unzoomZ.eps>
File: Figures/optCut-5E-Run3air-caseA-sinTdR-zoomZ.eps Graphic file (type eps)

<Figures/optCut-5E-Run3air-caseA-sinTdR-zoomZ.eps>
File: Figures/optCut-5FE-Run2water-dR-DoMC.eps Graphic file (type eps)

<Figures/optCut-5FE-Run2water-dR-DoMC.eps>
File: Figures/optCut-5FE-Run2water-sinT-DoMC.eps Graphic file (type eps)

<Figures/optCut-5FE-Run2water-sinT-DoMC.eps>
File: Figures/optCut-5FE-Run3air-dR-DoMC.eps Graphic file (type eps)

<Figures/optCut-5FE-Run3air-dR-DoMC.eps>
File: Figures/optCut-5FE-Run3air-sinT-DoMC.eps Graphic file (type eps)

<Figures/optCut-5FE-Run3air-sinT-DoMC.eps> [10] [11]
File: Figures/eLossCalc1.eps Graphic file (type eps)
 <Figures/eLossCalc1.eps>
File: Figures/eCompare.eps Graphic file (type eps)

<Figures/eCompare.eps>
File: Figures/momentumRecoThruthProd5.eps Graphic file (type eps)
 <Figures/momentumRecoThruthProd5.eps>) [12] [13]
[14] (./Sections/InclusiveAnalysis.tex
Overfull \hbox (15.3648pt too wide) in paragraph at lines 31--38
\OT1/cmr/m/n/10.95 The CC in-clu-sive se-lec-tion pro-ce-dure in-cludes the mai
n lev-els of in-for-ma-tion avail-able (accelerator/near-
 []

[15

]
File: Figures/spinD-TimeInSpill.eps Graphic file (type eps)
 <Figures/spinD-TimeInSpill.eps>
Underfull \hbox (badness 10000) in paragraph at lines 166--174

 []

[16] [17]
File: Figures/Legend.eps Graphic file (type eps)
 <Figures/Legend.eps>
File: Figures/P0DTrkTimeRun1Run2Run4.eps Graphic file (type eps)
 <Figures/P0DTrkTimeRun1Run2Run4.eps>
File: Figures/P0DTrkTimeRun1Run2Run4-zoom.eps Graphic file (type eps)

<Figures/P0DTrkTimeRun1Run2Run4-zoom.eps>

LaTeX Warning: `h' float specifier changed to `ht'.

[18

]
File: Figures/P0DTrkXRun1Run2Run4.eps Graphic file (type eps)
 <Figures/P0DTrkXRun1Run2Run4.eps>
File: Figures/P0DTrkYRun1Run2Run4.eps Graphic file (type eps)
 <Figures/P0DTrkYRun1Run2Run4.eps>
File: Figures/P0DTrkXRun2airRun3airRun4air.eps Graphic file (type eps)

<Figures/P0DTrkXRun2airRun3airRun4air.eps>
File: Figures/P0DTrkYRun2airRun3airRun4air.eps Graphic file (type eps)

<Figures/P0DTrkYRun2airRun3airRun4air.eps>
File: Figures/P0DTrkZRun1Run2Run4.eps Graphic file (type eps)
 <Figures/P0DTrkZRun1Run2Run4.eps>
File: Figures/P0DTrkZRun2airRun3airRun4air.eps Graphic file (type eps)

<Figures/P0DTrkZRun2airRun3airRun4air.eps>
File: Figures/P0DTrackerMomRun1Run2Run4.eps Graphic file (type eps)

<Figures/P0DTrackerMomRun1Run2Run4.eps>
File: Figures/P0DTrackerMomRun2airRun3airRun4air.eps Graphic file (type eps)

<Figures/P0DTrackerMomRun2airRun3airRun4air.eps>
File: Figures/P0DTrkThetaRun1Run2Run4.eps Graphic file (type eps)

<Figures/P0DTrkThetaRun1Run2Run4.eps>
File: Figures/P0DTrkPhiRun1Run2Run4.eps Graphic file (type eps)
 <Figures/P0DTrkPhiRun1Run2Run4.eps>
File: Figures/P0DTrkThetaRun2airRun3airRun4air.eps Graphic file (type eps)

<Figures/P0DTrkThetaRun2airRun3airRun4air.eps>
File: Figures/P0DTrkPhiRun2airRun3airRun4air.eps Graphic file (type eps)

<Figures/P0DTrkPhiRun2airRun3airRun4air.eps>
Underfull \hbox (badness 10000) in paragraph at lines 360--375

 []

[19] [20] [21] [22] [23] [24] [25] [26] [27] [28]) (./Sections/Systematics.tex
Underfull \hbox (badness 10000) in paragraph at lines 16--18

 []

) (./Sections/Systematics_HomeBrewMatching.tex
Underfull \hbox (badness 10000) in paragraph at lines 4--7

 []


Underfull \hbox (badness 10000) in paragraph at lines 11--12

 []

[29



]
Underfull \hbox (badness 10000) in paragraph at lines 16--17

 []


LaTeX Warning: Reference `sec:Appendix_p0delec.' on page 30 undefined on input 
line 26.

[30]
File: Figures/Systematics/MatchingEfficiency/datadY.eps Graphic file (type eps)

 <Figures/Systematics/MatchingEfficiency/datadY.eps>
File: Figures/Systematics/MatchingEfficiency/mcdY.eps Graphic file (type eps)

<Figures/Systematics/MatchingEfficiency/mcdY.eps>
File: Figures/Systematics/MatchingEfficiency/dRcosmics.eps Graphic file (type e
ps)

<Figures/Systematics/MatchingEfficiency/dRcosmics.eps>
File: Figures/Systematics/MatchingEfficiency/dXcosmics.eps Graphic file (type e
ps)

<Figures/Systematics/MatchingEfficiency/dXcosmics.eps>
File: Figures/Systematics/MatchingEfficiency/dYcosmics.eps Graphic file (type e
ps)

<Figures/Systematics/MatchingEfficiency/dYcosmics.eps>
File: Figures/Systematics/MatchingEfficiency/dScosmics.eps Graphic file (type e
ps)

<Figures/Systematics/MatchingEfficiency/dScosmics.eps>
File: Figures/Systematics/MatchingEfficiency/dTcosmics.eps Graphic file (type e
ps)

<Figures/Systematics/MatchingEfficiency/dTcosmics.eps>
File: Figures/Systematics/MatchingEfficiency/Eff_vs_Momentum.eps Graphic file (
type eps)

<Figures/Systematics/MatchingEfficiency/Eff_vs_Momentum.eps>
File: Figures/Systematics/MatchingEfficiency/Eff_vs_Theta.eps Graphic file (typ
e eps)

<Figures/Systematics/MatchingEfficiency/Eff_vs_Theta.eps> [31] [32]
File: Figures/delltaTmismatch.eps Graphic file (type eps)

<Figures/delltaTmismatch.eps>
File: Figures/t0mismatch.eps Graphic file (type eps)
 <Figures/t0mismatch.eps>

LaTeX Warning: `h' float specifier changed to `ht'.


LaTeX Warning: `h' float specifier changed to `ht'.

[33] [34]) (./Sections/Systematics_HitEfficiency.tex
File: Figures/Systematics/HitEfficiency/Hiteffsandw.eps Graphic file (type eps)


<Figures/Systematics/HitEfficiency/Hiteffsandw.eps>
File: Figures/Systematics/HitEfficiency/Hiteffsanda.eps Graphic file (type eps)


<Figures/Systematics/HitEfficiency/Hiteffsanda.eps> [35]
Underfull \hbox (badness 10000) in paragraph at lines 56--84

 []


LaTeX Warning: Reference `tab:NodeMissFractionsWaterIn' on page 36 undefined on
 input line 86.


Underfull \hbox (badness 10000) in paragraph at lines 85--107

 []

[36]
File: Figures/layerEff-5F5E-Run1-ccinc-DoMC-MissedLayerPerTracks.eps Graphic fi
le (type eps)
 <Figures/layerEff-5F5E-Run1-ccinc-DoMC-MissedLayerPerTracks.eps>
File: Figures/layerEff-5F5E-Run2air-ccinc-DoMC-MissedLayerPerTracks.eps Graphic
 file (type eps)

<Figures/layerEff-5F5E-Run2air-ccinc-DoMC-MissedLayerPerTracks.eps>
File: Figures/layerEff-5F5E-Run2-ccinc-DoMC-MissedLayerPerTracks.eps Graphic fi
le (type eps)

<Figures/layerEff-5F5E-Run2-ccinc-DoMC-MissedLayerPerTracks.eps>
File: Figures/layerEff-5F5E-Run3air-ccinc-DoMC-MissedLayerPerTracks.eps Graphic
 file (type eps)

<Figures/layerEff-5F5E-Run3air-ccinc-DoMC-MissedLayerPerTracks.eps>
File: Figures/layerEff-5F5E-Run4-ccinc-DoMC-MissedLayerPerTracks.eps Graphic fi
le (type eps)

<Figures/layerEff-5F5E-Run4-ccinc-DoMC-MissedLayerPerTracks.eps>
File: Figures/layerEff-5F5E-Run4air-ccinc-DoMC-MissedLayerPerTracks.eps Graphic
 file (type eps)

<Figures/layerEff-5F5E-Run4air-ccinc-DoMC-MissedLayerPerTracks.eps>
Underfull \hbox (badness 10000) in paragraph at lines 169--197

 []


LaTeX Warning: `h' float specifier changed to `ht'.


LaTeX Warning: `h' float specifier changed to `ht'.

) (./Sections/Systematics_FiducialMass.tex [37] [38]

LaTeX Warning: `h' float specifier changed to `ht'.

) (./Sections/Systematics_Cosmics.tex
Underfull \hbox (badness 10000) in paragraph at lines 4--8

 []


LaTeX Warning: `h' float specifier changed to `ht'.


Underfull \hbox (badness 10000) in paragraph at lines 35--52

 []

[39]) (./Sections/Systematics_FiducialVolume.tex
Underfull \hbox (badness 10000) in paragraph at lines 3--11

 []

[40]
File: Figures/P0DTrack-XResolution-Run4.eps Graphic file (type eps)
 <Figures/P0DTrack-XResolution-Run4.eps>
File: Figures/P0DTrack-YResolution-Run4.eps Graphic file (type eps)

<Figures/P0DTrack-YResolution-Run4.eps>
Underfull \hbox (badness 10000) in paragraph at lines 21--37

 []


LaTeX Warning: Reference `tab:FVSystematicsWaterOut' on page 41 undefined on in
put line 40.


LaTeX Warning: `h' float specifier changed to `ht'.


LaTeX Warning: Reference `sec:SMeff' on page 41 undefined on input line 83.

[41]) (./Sections/Systematics_TrackTiming.tex
Underfull \hbox (badness 10000) in paragraph at lines 4--11

 []


Underfull \hbox (badness 10000) in paragraph at lines 12--19

 []

) (./Sections/Systematics_EventPileUp.tex
Underfull \hbox (badness 10000) in paragraph at lines 3--14

 []


LaTeX Warning: `h' float specifier changed to `ht'.


LaTeX Warning: `h' float specifier changed to `ht'.

[42]) (./Sections/Systematics_OutofFV.tex
Underfull \hbox (badness 10000) in paragraph at lines 46--49

 []


Underfull \hbox (badness 10000) in paragraph at lines 50--60

 []


Underfull \hbox (badness 10000) in paragraph at lines 61--73

 []


LaTeX Warning: Reference `tab:WTFVWaterIn' on page 43 undefined on input line 7
6.


LaTeX Warning: `h' float specifier changed to `ht'.


LaTeX Warning: `h' float specifier changed to `ht'.


LaTeX Warning: Reference `tab:WTFVWaterIn' on page 43 undefined on input line 1
63.


Underfull \hbox (badness 10000) in paragraph at lines 160--167

 []

[43]

LaTeX Warning: Reference `tab:WTFVWaterIn' on page 44 undefined on input line 1
81.


Underfull \hbox (badness 10000) in paragraph at lines 168--188

 []


Underfull \hbox (badness 10000) in paragraph at lines 189--194

 []

[44]) (./Sections/Systematics_TPC1tracking.tex
File: Figures/TrkFdEf_TPC1_RajsBins.eps Graphic file (type eps)

<Figures/TrkFdEf_TPC1_RajsBins.eps>) (./Sections/Systematics_ChargeMisID.tex
[45]

LaTeX Warning: Reference `tab:N_corr' on page 46 undefined on input line 25.

) [46] [47] [48] (./Sections/Systematics_Summary_2.tex) (./Sections/Results.tex
) (./Sections/Bibliography.tex
Overfull \hbox (38.12245pt too wide) in paragraph at lines 8--1
[]\OT1/cmr/m/n/10.95 This anal-y-sis yields the com-bined Run 1+ Run 2 Data/MC 
ra-tio re-sult of []$0\OML/cmm/m/it/10.95 :\OT1/cmr/m/n/10.95 868 \OMS/cmsy/m/n
/10.95 ^^F \OT1/cmr/m/n/10.95 0\OML/cmm/m/it/10.95 :\OT1/cmr/m/n/10.95 011(\OML
/cmm/m/it/10.95 stat:\OT1/cmr/m/n/10.95 )[](\OML/cmm/m/it/10.95 syst:\OT1/cmr/m
/n/10.95 )$.
 []

[49

]) (./Sections/Appendix.tex
File: Figures/P0DTrkXRun1Run2-normByRatio.eps Graphic file (type eps)
 <Figures/P0DTrkXRun1Run2-normByRatio.eps>
File: Figures/P0DTrkYRun1Run2-normByRatio.eps Graphic file (type eps)

<Figures/P0DTrkYRun1Run2-normByRatio.eps>

LaTeX Warning: `h' float specifier changed to `ht'.

File: Figures/P0DTrackerMomRun1Run2-normByRatio.eps Graphic file (type eps)
<Figures/P0DTrackerMomRun1Run2-normByRatio.eps>
File: Figures/P0DTrkZRun1Run2-normByRatio.eps Graphic file (type eps)

<Figures/P0DTrkZRun1Run2-normByRatio.eps>

LaTeX Warning: `h' float specifier changed to `ht'.

File: Figures/P0DTrkThetaRun1Run2-normByRatio.eps Graphic file (type eps)
<Figures/P0DTrkThetaRun1Run2-normByRatio.eps>
File: Figures/P0DTrkPhiRun1Run2-normByRatio.eps Graphic file (type eps)

<Figures/P0DTrkPhiRun1Run2-normByRatio.eps>

LaTeX Warning: `h' float specifier changed to `ht'.

[50] [51] [52] [53]
Underfull \hbox (badness 10000) in paragraph at lines 52--58

 []


Underfull \hbox (badness 10000) in paragraph at lines 59--66

 []

[54

]
File: Figures/Systematics/SandMuonEfficiencyPlots/C_34.eps Graphic file (type e
ps)
 <Figures/Systematics/SandMuonEfficiencyPlots/C_34.eps>
File: Figures/Systematics/SandMuonEfficiencyPlots/C_35.eps Graphic file (type e
ps)

<Figures/Systematics/SandMuonEfficiencyPlots/C_35.eps>
File: Figures/Systematics/SandMuonEfficiencyPlots/C_36.eps Graphic file (type e
ps)

<Figures/Systematics/SandMuonEfficiencyPlots/C_36.eps>
File: Figures/Systematics/SandMuonEfficiencyPlots/C_37.eps Graphic file (type e
ps)

<Figures/Systematics/SandMuonEfficiencyPlots/C_37.eps>
File: Figures/Systematics/SandMuonEfficiencyPlots/C_42.eps Graphic file (type e
ps)

<Figures/Systematics/SandMuonEfficiencyPlots/C_42.eps>
File: Figures/Systematics/SandMuonEfficiencyPlots/C_52.eps Graphic file (type e
ps)

<Figures/Systematics/SandMuonEfficiencyPlots/C_52.eps>
File: Figures/Systematics/SandMuonEfficiencyPlots/C_51.eps Graphic file (type e
ps)

<Figures/Systematics/SandMuonEfficiencyPlots/C_51.eps>
File: Figures/Appendix/cdy_SM.eps Graphic file (type eps)

<Figures/Appendix/cdy_SM.eps>
File: Figures/Appendix/cprof_SM.eps Graphic file (type eps)
 <Figures/Appendix/cprof_SM.eps>
File: Figures/Appendix/cdy_data.eps Graphic file (type eps)

<Figures/Appendix/cdy_data.eps>
File: Figures/Appendix/cdy_mc.eps Graphic file (type eps)
 <Figures/Appendix/cdy_mc.eps>
File: Figures/Appendix/cprof_data.eps Graphic file (type eps)

<Figures/Appendix/cprof_data.eps>
File: Figures/Appendix/cprof_mc.eps Graphic file (type eps)
 <Figures/Appendix/cprof_mc.eps> [55] [56]
[57] [58] [59] [60] [61]) [62] (./CC-P0D-TPC-Analysis.aux)

LaTeX Warning: There were undefined references.


LaTeX Warning: There were multiply-defined labels.

 ) 
Here is how much of TeX's memory you used:
 3658 strings out of 94501
 54961 string characters out of 1176789
 115155 words of memory out of 1000000
 6631 multiletter control sequences out of 10000+50000
 14277 words of font info for 51 fonts, out of 500000 for 2000
 580 hyphenation exceptions out of 1000
 41i,20n,43p,1681b,358s stack positions out of 1500i,500n,5000p,200000b,5000s

Output written on CC-P0D-TPC-Analysis.dvi (62 pages, 236024 bytes).
